{"meta": {"format": 3, "version": "7.9.1", "timestamp": "2025-06-30T03:28:10.469897", "branch_coverage": false, "show_contexts": false}, "files": {"src/fsoa/__init__.py": {"executed_lines": [1, 7, 8, 9], "summary": {"covered_lines": 3, "num_statements": 3, "percent_covered": 100.0, "percent_covered_display": "100", "missing_lines": 0, "excluded_lines": 0}, "missing_lines": [], "excluded_lines": [], "functions": {"": {"executed_lines": [1, 7, 8, 9], "summary": {"covered_lines": 3, "num_statements": 3, "percent_covered": 100.0, "percent_covered_display": "100", "missing_lines": 0, "excluded_lines": 0}, "missing_lines": [], "excluded_lines": []}}, "classes": {"": {"executed_lines": [1, 7, 8, 9], "summary": {"covered_lines": 3, "num_statements": 3, "percent_covered": 100.0, "percent_covered_display": "100", "missing_lines": 0, "excluded_lines": 0}, "missing_lines": [], "excluded_lines": []}}}, "src/fsoa/agent/__init__.py": {"executed_lines": [1], "summary": {"covered_lines": 0, "num_statements": 0, "percent_covered": 100.0, "percent_covered_display": "100", "missing_lines": 0, "excluded_lines": 0}, "missing_lines": [], "excluded_lines": [], "functions": {"": {"executed_lines": [1], "summary": {"covered_lines": 0, "num_statements": 0, "percent_covered": 100.0, "percent_covered_display": "100", "missing_lines": 0, "excluded_lines": 0}, "missing_lines": [], "excluded_lines": []}}, "classes": {"": {"executed_lines": [1], "summary": {"covered_lines": 0, "num_statements": 0, "percent_covered": 100.0, "percent_covered_display": "100", "missing_lines": 0, "excluded_lines": 0}, "missing_lines": [], "excluded_lines": []}}}, "src/fsoa/agent/decision.py": {"executed_lines": [1, 7, 10, 11, 12, 14, 15, 16, 17, 18, 20, 23, 24, 25, 26, 27, 28, 31, 32, 34, 35, 37, 48, 51, 60, 69, 71, 79, 87, 96, 104, 108, 110, 123, 134, 145, 147, 156, 157, 159, 160, 161, 162, 164, 175, 177, 178, 179, 180, 181, 183, 184, 189, 191, 193, 195, 196, 197, 198, 204, 241, 243, 244, 245, 246, 251, 253, 255, 280, 281, 288, 290, 310, 322, 332, 336, 337, 338, 339, 341], "summary": {"covered_lines": 76, "num_statements": 125, "percent_covered": 60.8, "percent_covered_display": "61", "missing_lines": 49, "excluded_lines": 0}, "missing_lines": [52, 61, 72, 80, 88, 112, 125, 136, 182, 186, 187, 199, 200, 202, 207, 210, 211, 214, 216, 217, 218, 219, 221, 222, 223, 224, 230, 233, 235, 237, 238, 239, 247, 248, 249, 257, 258, 268, 269, 276, 277, 293, 303, 304, 305, 306, 308, 313, 333], "excluded_lines": [], "functions": {"RuleEngine.__init__": {"executed_lines": [35], "summary": {"covered_lines": 1, "num_statements": 1, "percent_covered": 100.0, "percent_covered_display": "100", "missing_lines": 0, "excluded_lines": 0}, "missing_lines": [], "excluded_lines": []}, "RuleEngine.evaluate_task": {"executed_lines": [48, 51, 60, 69, 71, 79, 87, 96], "summary": {"covered_lines": 8, "num_statements": 13, "percent_covered": 61.53846153846154, "percent_covered_display": "62", "missing_lines": 5, "excluded_lines": 0}, "missing_lines": [52, 61, 72, 80, 88], "excluded_lines": []}, "RuleEngine._is_in_cooldown": {"executed_lines": [108], "summary": {"covered_lines": 1, "num_statements": 1, "percent_covered": 100.0, "percent_covered_display": "100", "missing_lines": 0, "excluded_lines": 0}, "missing_lines": [], "excluded_lines": []}, "RuleEngine._generate_escalation_message": {"executed_lines": [], "summary": {"covered_lines": 0, "num_statements": 1, "percent_covered": 0.0, "percent_covered_display": "0", "missing_lines": 1, "excluded_lines": 0}, "missing_lines": [112], "excluded_lines": []}, "RuleEngine._generate_high_priority_message": {"executed_lines": [], "summary": {"covered_lines": 0, "num_statements": 1, "percent_covered": 0.0, "percent_covered_display": "0", "missing_lines": 1, "excluded_lines": 0}, "missing_lines": [125], "excluded_lines": []}, "RuleEngine._generate_normal_message": {"executed_lines": [], "summary": {"covered_lines": 0, "num_statements": 1, "percent_covered": 0.0, "percent_covered_display": "0", "missing_lines": 1, "excluded_lines": 0}, "missing_lines": [136], "excluded_lines": []}, "RuleEngine._generate_gentle_reminder": {"executed_lines": [147], "summary": {"covered_lines": 1, "num_statements": 1, "percent_covered": 100.0, "percent_covered_display": "100", "missing_lines": 0, "excluded_lines": 0}, "missing_lines": [], "excluded_lines": []}, "DecisionEngine.__init__": {"executed_lines": [160, 161, 162], "summary": {"covered_lines": 3, "num_statements": 3, "percent_covered": 100.0, "percent_covered_display": "100", "missing_lines": 0, "excluded_lines": 0}, "missing_lines": [], "excluded_lines": []}, "DecisionEngine.make_decision": {"executed_lines": [175, 177, 178, 179, 180, 181, 183, 184], "summary": {"covered_lines": 8, "num_statements": 11, "percent_covered": 72.72727272727273, "percent_covered_display": "73", "missing_lines": 3, "excluded_lines": 0}, "missing_lines": [182, 186, 187], "excluded_lines": []}, "DecisionEngine._rule_only_decision": {"executed_lines": [191], "summary": {"covered_lines": 1, "num_statements": 1, "percent_covered": 100.0, "percent_covered_display": "100", "missing_lines": 0, "excluded_lines": 0}, "missing_lines": [], "excluded_lines": []}, "DecisionEngine._llm_only_decision": {"executed_lines": [195, 196, 197, 198], "summary": {"covered_lines": 4, "num_statements": 7, "percent_covered": 57.142857142857146, "percent_covered_display": "57", "missing_lines": 3, "excluded_lines": 0}, "missing_lines": [199, 200, 202], "excluded_lines": []}, "DecisionEngine._hybrid_decision": {"executed_lines": [], "summary": {"covered_lines": 0, "num_statements": 18, "percent_covered": 0.0, "percent_covered_display": "0", "missing_lines": 18, "excluded_lines": 0}, "missing_lines": [207, 210, 211, 214, 216, 217, 218, 219, 221, 222, 223, 224, 230, 233, 235, 237, 238, 239], "excluded_lines": []}, "DecisionEngine._llm_fallback_decision": {"executed_lines": [243, 244, 245, 246], "summary": {"covered_lines": 4, "num_statements": 7, "percent_covered": 57.142857142857146, "percent_covered_display": "57", "missing_lines": 3, "excluded_lines": 0}, "missing_lines": [247, 248, 249], "excluded_lines": []}, "DecisionEngine._build_context_dict": {"executed_lines": [253, 255, 280, 281, 288], "summary": {"covered_lines": 5, "num_statements": 11, "percent_covered": 45.45454545454545, "percent_covered_display": "45", "missing_lines": 6, "excluded_lines": 0}, "missing_lines": [257, 258, 268, 269, 276, 277], "excluded_lines": []}, "DecisionEngine._merge_decisions": {"executed_lines": [], "summary": {"covered_lines": 0, "num_statements": 6, "percent_covered": 0.0, "percent_covered_display": "0", "missing_lines": 6, "excluded_lines": 0}, "missing_lines": [293, 303, 304, 305, 306, 308], "excluded_lines": []}, "DecisionEngine.get_decision_statistics": {"executed_lines": [], "summary": {"covered_lines": 0, "num_statements": 1, "percent_covered": 0.0, "percent_covered_display": "0", "missing_lines": 1, "excluded_lines": 0}, "missing_lines": [313], "excluded_lines": []}, "create_decision_engine": {"executed_lines": [332, 336, 337, 338, 339, 341], "summary": {"covered_lines": 6, "num_statements": 7, "percent_covered": 85.71428571428571, "percent_covered_display": "86", "missing_lines": 1, "excluded_lines": 0}, "missing_lines": [333], "excluded_lines": []}, "": {"executed_lines": [1, 7, 10, 11, 12, 14, 15, 16, 17, 18, 20, 23, 24, 25, 26, 27, 28, 31, 32, 34, 37, 104, 110, 123, 134, 145, 156, 157, 159, 164, 189, 193, 204, 241, 251, 290, 310, 322], "summary": {"covered_lines": 34, "num_statements": 34, "percent_covered": 100.0, "percent_covered_display": "100", "missing_lines": 0, "excluded_lines": 0}, "missing_lines": [], "excluded_lines": []}}, "classes": {"DecisionMode": {"executed_lines": [], "summary": {"covered_lines": 0, "num_statements": 0, "percent_covered": 100.0, "percent_covered_display": "100", "missing_lines": 0, "excluded_lines": 0}, "missing_lines": [], "excluded_lines": []}, "RuleEngine": {"executed_lines": [35, 48, 51, 60, 69, 71, 79, 87, 96, 108, 147], "summary": {"covered_lines": 11, "num_statements": 19, "percent_covered": 57.89473684210526, "percent_covered_display": "58", "missing_lines": 8, "excluded_lines": 0}, "missing_lines": [52, 61, 72, 80, 88, 112, 125, 136], "excluded_lines": []}, "DecisionEngine": {"executed_lines": [160, 161, 162, 175, 177, 178, 179, 180, 181, 183, 184, 191, 195, 196, 197, 198, 243, 244, 245, 246, 253, 255, 280, 281, 288], "summary": {"covered_lines": 25, "num_statements": 65, "percent_covered": 38.46153846153846, "percent_covered_display": "38", "missing_lines": 40, "excluded_lines": 0}, "missing_lines": [182, 186, 187, 199, 200, 202, 207, 210, 211, 214, 216, 217, 218, 219, 221, 222, 223, 224, 230, 233, 235, 237, 238, 239, 247, 248, 249, 257, 258, 268, 269, 276, 277, 293, 303, 304, 305, 306, 308, 313], "excluded_lines": []}, "": {"executed_lines": [1, 7, 10, 11, 12, 14, 15, 16, 17, 18, 20, 23, 24, 25, 26, 27, 28, 31, 32, 34, 37, 104, 110, 123, 134, 145, 156, 157, 159, 164, 189, 193, 204, 241, 251, 290, 310, 322, 332, 336, 337, 338, 339, 341], "summary": {"covered_lines": 40, "num_statements": 41, "percent_covered": 97.5609756097561, "percent_covered_display": "98", "missing_lines": 1, "excluded_lines": 0}, "missing_lines": [333], "excluded_lines": []}}}, "src/fsoa/agent/llm.py": {"executed_lines": [1, 7, 8, 9, 10, 12, 13, 14, 16, 19, 20, 21, 24, 25, 27, 28, 29, 31, 48, 92, 104, 105, 107, 145, 189, 217, 249, 267, 282, 305, 326, 328, 329, 340, 342, 343, 350, 351, 352, 354, 355, 356, 360, 363, 366, 367, 368], "summary": {"covered_lines": 44, "num_statements": 126, "percent_covered": 34.92063492063492, "percent_covered_display": "35", "missing_lines": 82, "excluded_lines": 0}, "missing_lines": [35, 36, 38, 39, 40, 46, 59, 60, 63, 64, 65, 66, 68, 75, 76, 78, 87, 88, 90, 118, 119, 122, 123, 124, 125, 126, 128, 135, 136, 138, 139, 141, 142, 143, 147, 149, 187, 191, 193, 215, 219, 247, 251, 253, 254, 256, 257, 258, 260, 261, 263, 264, 265, 269, 270, 271, 273, 274, 275, 277, 279, 280, 284, 287, 288, 289, 290, 291, 292, 294, 295, 297, 307, 308, 309, 310, 311, 312, 314, 315, 317, 338], "excluded_lines": [], "functions": {"DeepSeekClient.__init__": {"executed_lines": [28, 29, 31], "summary": {"covered_lines": 3, "num_statements": 9, "percent_covered": 33.333333333333336, "percent_covered_display": "33", "missing_lines": 6, "excluded_lines": 0}, "missing_lines": [35, 36, 38, 39, 40, 46], "excluded_lines": []}, "DeepSeekClient.analyze_task_priority": {"executed_lines": [], "summary": {"covered_lines": 0, "num_statements": 13, "percent_covered": 0.0, "percent_covered_display": "0", "missing_lines": 13, "excluded_lines": 0}, "missing_lines": [59, 60, 63, 64, 65, 66, 68, 75, 76, 78, 87, 88, 90], "excluded_lines": []}, "DeepSeekClient.generate_notification_message": {"executed_lines": [104, 105], "summary": {"covered_lines": 2, "num_statements": 2, "percent_covered": 100.0, "percent_covered_display": "100", "missing_lines": 0, "excluded_lines": 0}, "missing_lines": [], "excluded_lines": []}, "DeepSeekClient.optimize_decision_strategy": {"executed_lines": [], "summary": {"covered_lines": 0, "num_statements": 15, "percent_covered": 0.0, "percent_covered_display": "0", "missing_lines": 15, "excluded_lines": 0}, "missing_lines": [118, 119, 122, 123, 124, 125, 126, 128, 135, 136, 138, 139, 141, 142, 143], "excluded_lines": []}, "DeepSeekClient._build_priority_analysis_prompt": {"executed_lines": [], "summary": {"covered_lines": 0, "num_statements": 3, "percent_covered": 0.0, "percent_covered_display": "0", "missing_lines": 3, "excluded_lines": 0}, "missing_lines": [147, 149, 187], "excluded_lines": []}, "DeepSeekClient._build_message_generation_prompt": {"executed_lines": [], "summary": {"covered_lines": 0, "num_statements": 3, "percent_covered": 0.0, "percent_covered_display": "0", "missing_lines": 3, "excluded_lines": 0}, "missing_lines": [191, 193, 215], "excluded_lines": []}, "DeepSeekClient._build_strategy_optimization_prompt": {"executed_lines": [], "summary": {"covered_lines": 0, "num_statements": 2, "percent_covered": 0.0, "percent_covered_display": "0", "missing_lines": 2, "excluded_lines": 0}, "missing_lines": [219, 247], "excluded_lines": []}, "DeepSeekClient._parse_decision_result": {"executed_lines": [], "summary": {"covered_lines": 0, "num_statements": 11, "percent_covered": 0.0, "percent_covered_display": "0", "missing_lines": 11, "excluded_lines": 0}, "missing_lines": [251, 253, 254, 256, 257, 258, 260, 261, 263, 264, 265], "excluded_lines": []}, "DeepSeekClient._parse_optimization_result": {"executed_lines": [], "summary": {"covered_lines": 0, "num_statements": 9, "percent_covered": 0.0, "percent_covered_display": "0", "missing_lines": 9, "excluded_lines": 0}, "missing_lines": [269, 270, 271, 273, 274, 275, 277, 279, 280], "excluded_lines": []}, "DeepSeekClient._extract_fallback_decision": {"executed_lines": [], "summary": {"covered_lines": 0, "num_statements": 10, "percent_covered": 0.0, "percent_covered_display": "0", "missing_lines": 10, "excluded_lines": 0}, "missing_lines": [284, 287, 288, 289, 290, 291, 292, 294, 295, 297], "excluded_lines": []}, "DeepSeekClient._fallback_rule_decision": {"executed_lines": [], "summary": {"covered_lines": 0, "num_statements": 9, "percent_covered": 0.0, "percent_covered_display": "0", "missing_lines": 9, "excluded_lines": 0}, "missing_lines": [307, 308, 309, 310, 311, 312, 314, 315, 317], "excluded_lines": []}, "DeepSeekClient._fallback_template_message": {"executed_lines": [328, 329], "summary": {"covered_lines": 2, "num_statements": 3, "percent_covered": 66.66666666666667, "percent_covered_display": "67", "missing_lines": 1, "excluded_lines": 0}, "missing_lines": [338], "excluded_lines": []}, "DeepSeekClient.test_connection": {"executed_lines": [342, 343, 350, 351, 352, 354, 355, 356], "summary": {"covered_lines": 8, "num_statements": 8, "percent_covered": 100.0, "percent_covered_display": "100", "missing_lines": 0, "excluded_lines": 0}, "missing_lines": [], "excluded_lines": []}, "get_deepseek_client": {"executed_lines": [366, 367, 368], "summary": {"covered_lines": 3, "num_statements": 3, "percent_covered": 100.0, "percent_covered_display": "100", "missing_lines": 0, "excluded_lines": 0}, "missing_lines": [], "excluded_lines": []}, "": {"executed_lines": [1, 7, 8, 9, 10, 12, 13, 14, 16, 19, 20, 21, 24, 25, 27, 48, 92, 107, 145, 189, 217, 249, 267, 282, 305, 326, 340, 360, 363], "summary": {"covered_lines": 26, "num_statements": 26, "percent_covered": 100.0, "percent_covered_display": "100", "missing_lines": 0, "excluded_lines": 0}, "missing_lines": [], "excluded_lines": []}}, "classes": {"DeepSeekError": {"executed_lines": [], "summary": {"covered_lines": 0, "num_statements": 0, "percent_covered": 100.0, "percent_covered_display": "100", "missing_lines": 0, "excluded_lines": 0}, "missing_lines": [], "excluded_lines": []}, "DeepSeekClient": {"executed_lines": [28, 29, 31, 104, 105, 328, 329, 342, 343, 350, 351, 352, 354, 355, 356], "summary": {"covered_lines": 15, "num_statements": 97, "percent_covered": 15.463917525773196, "percent_covered_display": "15", "missing_lines": 82, "excluded_lines": 0}, "missing_lines": [35, 36, 38, 39, 40, 46, 59, 60, 63, 64, 65, 66, 68, 75, 76, 78, 87, 88, 90, 118, 119, 122, 123, 124, 125, 126, 128, 135, 136, 138, 139, 141, 142, 143, 147, 149, 187, 191, 193, 215, 219, 247, 251, 253, 254, 256, 257, 258, 260, 261, 263, 264, 265, 269, 270, 271, 273, 274, 275, 277, 279, 280, 284, 287, 288, 289, 290, 291, 292, 294, 295, 297, 307, 308, 309, 310, 311, 312, 314, 315, 317, 338], "excluded_lines": []}, "": {"executed_lines": [1, 7, 8, 9, 10, 12, 13, 14, 16, 19, 20, 21, 24, 25, 27, 48, 92, 107, 145, 189, 217, 249, 267, 282, 305, 326, 340, 360, 363, 366, 367, 368], "summary": {"covered_lines": 29, "num_statements": 29, "percent_covered": 100.0, "percent_covered_display": "100", "missing_lines": 0, "excluded_lines": 0}, "missing_lines": [], "excluded_lines": []}}}, "src/fsoa/agent/managers/__init__.py": {"executed_lines": [1, 7, 8, 9, 11], "summary": {"covered_lines": 4, "num_statements": 4, "percent_covered": 100.0, "percent_covered_display": "100", "missing_lines": 0, "excluded_lines": 0}, "missing_lines": [], "excluded_lines": [], "functions": {"": {"executed_lines": [1, 7, 8, 9, 11], "summary": {"covered_lines": 4, "num_statements": 4, "percent_covered": 100.0, "percent_covered_display": "100", "missing_lines": 0, "excluded_lines": 0}, "missing_lines": [], "excluded_lines": []}}, "classes": {"": {"executed_lines": [1, 7, 8, 9, 11], "summary": {"covered_lines": 4, "num_statements": 4, "percent_covered": 100.0, "percent_covered_display": "100", "missing_lines": 0, "excluded_lines": 0}, "missing_lines": [], "excluded_lines": []}}}, "src/fsoa/agent/managers/data_strategy.py": {"executed_lines": [1, 7, 8, 9, 11, 12, 13, 14, 15, 17, 20, 21, 23, 24, 25, 26, 29, 30, 31, 33, 34, 44, 45, 48, 51, 52, 54, 64, 76, 77, 80, 82, 88, 90, 91, 93, 96, 97, 103, 122, 132, 142, 143, 145, 146, 147, 149, 150, 156, 157, 170, 171, 185, 186, 199, 200, 213, 214, 276, 277, 284, 285, 288, 289, 290, 292, 295, 296, 299, 300, 301, 307, 308, 309, 311, 312, 318, 319, 325, 327, 328, 329, 332, 354, 355, 356, 358, 382, 384, 386, 387, 390, 401, 402, 403, 405, 406, 410, 411], "summary": {"covered_lines": 97, "num_statements": 220, "percent_covered": 44.09090909090909, "percent_covered_display": "44", "missing_lines": 123, "excluded_lines": 0}, "missing_lines": [56, 57, 59, 60, 61, 62, 84, 85, 99, 100, 101, 109, 111, 112, 113, 115, 116, 117, 129, 130, 139, 140, 152, 153, 154, 159, 160, 161, 163, 164, 166, 167, 168, 173, 174, 175, 178, 179, 181, 182, 183, 188, 189, 190, 192, 193, 195, 196, 197, 202, 203, 204, 206, 207, 209, 210, 211, 216, 217, 220, 221, 222, 223, 226, 227, 228, 229, 230, 232, 233, 234, 235, 236, 238, 241, 242, 243, 244, 245, 247, 248, 249, 250, 251, 253, 255, 268, 270, 272, 273, 274, 303, 304, 314, 315, 316, 333, 334, 335, 336, 338, 339, 340, 342, 351, 352, 360, 362, 363, 365, 366, 369, 370, 373, 374, 376, 378, 379, 380, 398, 399, 408, 413], "excluded_lines": [], "functions": {"BusinessDataStrategy.__init__": {"executed_lines": [24, 25, 26, 29, 30, 31], "summary": {"covered_lines": 6, "num_statements": 6, "percent_covered": 100.0, "percent_covered_display": "100", "missing_lines": 0, "excluded_lines": 0}, "missing_lines": [], "excluded_lines": []}, "BusinessDataStrategy.get_opportunities": {"executed_lines": [44, 45, 48, 51, 52, 54], "summary": {"covered_lines": 6, "num_statements": 12, "percent_covered": 50.0, "percent_covered_display": "50", "missing_lines": 6, "excluded_lines": 0}, "missing_lines": [56, 57, 59, 60, 61, 62], "excluded_lines": []}, "BusinessDataStrategy._full_refresh_cache": {"executed_lines": [76, 77, 80, 82], "summary": {"covered_lines": 4, "num_statements": 6, "percent_covered": 66.66666666666667, "percent_covered_display": "67", "missing_lines": 2, "excluded_lines": 0}, "missing_lines": [84, 85], "excluded_lines": []}, "BusinessDataStrategy._get_direct_from_metabase": {"executed_lines": [90, 91, 93, 96, 97], "summary": {"covered_lines": 5, "num_statements": 8, "percent_covered": 62.5, "percent_covered_display": "62", "missing_lines": 3, "excluded_lines": 0}, "missing_lines": [99, 100, 101], "excluded_lines": []}, "BusinessDataStrategy._get_from_cache_only": {"executed_lines": [], "summary": {"covered_lines": 0, "num_statements": 7, "percent_covered": 0.0, "percent_covered_display": "0", "missing_lines": 7, "excluded_lines": 0}, "missing_lines": [109, 111, 112, 113, 115, 116, 117], "excluded_lines": []}, "BusinessDataStrategy._update_cache": {"executed_lines": [], "summary": {"covered_lines": 0, "num_statements": 2, "percent_covered": 0.0, "percent_covered_display": "0", "missing_lines": 2, "excluded_lines": 0}, "missing_lines": [129, 130], "excluded_lines": []}, "BusinessDataStrategy._should_partial_refresh": {"executed_lines": [], "summary": {"covered_lines": 0, "num_statements": 2, "percent_covered": 0.0, "percent_covered_display": "0", "missing_lines": 2, "excluded_lines": 0}, "missing_lines": [139, 140], "excluded_lines": []}, "BusinessDataStrategy.get_overdue_opportunities": {"executed_lines": [145, 146, 147, 149, 150], "summary": {"covered_lines": 5, "num_statements": 8, "percent_covered": 62.5, "percent_covered_display": "62", "missing_lines": 3, "excluded_lines": 0}, "missing_lines": [152, 153, 154], "excluded_lines": []}, "BusinessDataStrategy.get_approaching_overdue_opportunities": {"executed_lines": [], "summary": {"covered_lines": 0, "num_statements": 8, "percent_covered": 0.0, "percent_covered_display": "0", "missing_lines": 8, "excluded_lines": 0}, "missing_lines": [159, 160, 161, 163, 164, 166, 167, 168], "excluded_lines": []}, "BusinessDataStrategy.get_normal_opportunities": {"executed_lines": [], "summary": {"covered_lines": 0, "num_statements": 8, "percent_covered": 0.0, "percent_covered_display": "0", "missing_lines": 8, "excluded_lines": 0}, "missing_lines": [173, 174, 175, 178, 179, 181, 182, 183], "excluded_lines": []}, "BusinessDataStrategy.get_opportunities_by_org": {"executed_lines": [], "summary": {"covered_lines": 0, "num_statements": 8, "percent_covered": 0.0, "percent_covered_display": "0", "missing_lines": 8, "excluded_lines": 0}, "missing_lines": [188, 189, 190, 192, 193, 195, 196, 197], "excluded_lines": []}, "BusinessDataStrategy.get_escalation_opportunities": {"executed_lines": [], "summary": {"covered_lines": 0, "num_statements": 8, "percent_covered": 0.0, "percent_covered_display": "0", "missing_lines": 8, "excluded_lines": 0}, "missing_lines": [202, 203, 204, 206, 207, 209, 210, 211], "excluded_lines": []}, "BusinessDataStrategy.get_opportunity_statistics": {"executed_lines": [], "summary": {"covered_lines": 0, "num_statements": 34, "percent_covered": 0.0, "percent_covered_display": "0", "missing_lines": 34, "excluded_lines": 0}, "missing_lines": [216, 217, 220, 221, 222, 223, 226, 227, 228, 229, 230, 232, 233, 234, 235, 236, 238, 241, 242, 243, 244, 245, 247, 248, 249, 250, 251, 253, 255, 268, 270, 272, 273, 274], "excluded_lines": []}, "BusinessDataStrategy.refresh_cache": {"executed_lines": [284, 285, 288, 289, 290, 292, 295, 296, 299, 300, 301, 307, 308, 309, 311, 312], "summary": {"covered_lines": 16, "num_statements": 21, "percent_covered": 76.19047619047619, "percent_covered_display": "76", "missing_lines": 5, "excluded_lines": 0}, "missing_lines": [303, 304, 314, 315, 316], "excluded_lines": []}, "BusinessDataStrategy.get_cache_statistics": {"executed_lines": [325, 327, 328, 329, 332, 354, 355, 356], "summary": {"covered_lines": 8, "num_statements": 18, "percent_covered": 44.44444444444444, "percent_covered_display": "44", "missing_lines": 10, "excluded_lines": 0}, "missing_lines": [333, 334, 335, 336, 338, 339, 340, 342, 351, 352], "excluded_lines": []}, "BusinessDataStrategy.clear_cache": {"executed_lines": [], "summary": {"covered_lines": 0, "num_statements": 13, "percent_covered": 0.0, "percent_covered_display": "0", "missing_lines": 13, "excluded_lines": 0}, "missing_lines": [360, 362, 363, 365, 366, 369, 370, 373, 374, 376, 378, 379, 380], "excluded_lines": []}, "BusinessDataStrategy.validate_data_consistency": {"executed_lines": [384, 386, 387, 390, 401, 402, 403], "summary": {"covered_lines": 7, "num_statements": 9, "percent_covered": 77.77777777777777, "percent_covered_display": "78", "missing_lines": 2, "excluded_lines": 0}, "missing_lines": [398, 399], "excluded_lines": []}, "BusinessDataStrategy.cache_enabled": {"executed_lines": [], "summary": {"covered_lines": 0, "num_statements": 1, "percent_covered": 0.0, "percent_covered_display": "0", "missing_lines": 1, "excluded_lines": 0}, "missing_lines": [408], "excluded_lines": []}, "BusinessDataStrategy.cache_ttl": {"executed_lines": [], "summary": {"covered_lines": 0, "num_statements": 1, "percent_covered": 0.0, "percent_covered_display": "0", "missing_lines": 1, "excluded_lines": 0}, "missing_lines": [413], "excluded_lines": []}, "": {"executed_lines": [1, 7, 8, 9, 11, 12, 13, 14, 15, 17, 20, 21, 23, 33, 34, 64, 88, 103, 122, 132, 142, 143, 156, 157, 170, 171, 185, 186, 199, 200, 213, 214, 276, 277, 318, 319, 358, 382, 405, 406, 410, 411], "summary": {"covered_lines": 40, "num_statements": 40, "percent_covered": 100.0, "percent_covered_display": "100", "missing_lines": 0, "excluded_lines": 0}, "missing_lines": [], "excluded_lines": []}}, "classes": {"BusinessDataStrategy": {"executed_lines": [24, 25, 26, 29, 30, 31, 44, 45, 48, 51, 52, 54, 76, 77, 80, 82, 90, 91, 93, 96, 97, 145, 146, 147, 149, 150, 284, 285, 288, 289, 290, 292, 295, 296, 299, 300, 301, 307, 308, 309, 311, 312, 325, 327, 328, 329, 332, 354, 355, 356, 384, 386, 387, 390, 401, 402, 403], "summary": {"covered_lines": 57, "num_statements": 180, "percent_covered": 31.666666666666668, "percent_covered_display": "32", "missing_lines": 123, "excluded_lines": 0}, "missing_lines": [56, 57, 59, 60, 61, 62, 84, 85, 99, 100, 101, 109, 111, 112, 113, 115, 116, 117, 129, 130, 139, 140, 152, 153, 154, 159, 160, 161, 163, 164, 166, 167, 168, 173, 174, 175, 178, 179, 181, 182, 183, 188, 189, 190, 192, 193, 195, 196, 197, 202, 203, 204, 206, 207, 209, 210, 211, 216, 217, 220, 221, 222, 223, 226, 227, 228, 229, 230, 232, 233, 234, 235, 236, 238, 241, 242, 243, 244, 245, 247, 248, 249, 250, 251, 253, 255, 268, 270, 272, 273, 274, 303, 304, 314, 315, 316, 333, 334, 335, 336, 338, 339, 340, 342, 351, 352, 360, 362, 363, 365, 366, 369, 370, 373, 374, 376, 378, 379, 380, 398, 399, 408, 413], "excluded_lines": []}, "": {"executed_lines": [1, 7, 8, 9, 11, 12, 13, 14, 15, 17, 20, 21, 23, 33, 34, 64, 88, 103, 122, 132, 142, 143, 156, 157, 170, 171, 185, 186, 199, 200, 213, 214, 276, 277, 318, 319, 358, 382, 405, 406, 410, 411], "summary": {"covered_lines": 40, "num_statements": 40, "percent_covered": 100.0, "percent_covered_display": "100", "missing_lines": 0, "excluded_lines": 0}, "missing_lines": [], "excluded_lines": []}}}, "src/fsoa/agent/managers/execution_tracker.py": {"executed_lines": [1, 7, 8, 9, 10, 13, 15, 16, 17, 19, 22, 23, 25, 26, 27, 28, 30, 31, 33, 34, 43, 44, 46, 47, 53, 54, 56, 57, 65, 67, 68, 69, 73, 79, 80, 82, 83, 90, 92, 93, 94, 96, 102, 103, 107, 109, 110, 111, 113, 123, 125, 126, 127, 129, 131, 137, 138, 140, 143, 144, 145, 147, 148, 149, 158, 165, 167, 168, 170, 172, 175, 177, 183, 185, 186, 188, 194, 195, 197, 198, 199, 200, 206, 207, 219, 220, 222, 223, 224, 225, 231, 232, 253, 255, 257, 258, 264, 265, 267, 269, 270, 272], "summary": {"covered_lines": 100, "num_statements": 149, "percent_covered": 67.11409395973155, "percent_covered_display": "67", "missing_lines": 49, "excluded_lines": 0}, "missing_lines": [49, 50, 51, 71, 75, 76, 77, 98, 99, 100, 133, 134, 135, 141, 151, 152, 153, 154, 190, 191, 192, 202, 203, 204, 210, 211, 212, 213, 215, 216, 217, 227, 228, 229, 234, 236, 237, 239, 240, 241, 244, 246, 247, 249, 250, 251, 260, 261, 262], "excluded_lines": [], "functions": {"AgentExecutionTracker.__init__": {"executed_lines": [26, 27, 28], "summary": {"covered_lines": 3, "num_statements": 3, "percent_covered": 100.0, "percent_covered_display": "100", "missing_lines": 0, "excluded_lines": 0}, "missing_lines": [], "excluded_lines": []}, "AgentExecutionTracker.start_run": {"executed_lines": [33, 34, 43, 44, 46, 47], "summary": {"covered_lines": 6, "num_statements": 9, "percent_covered": 66.66666666666667, "percent_covered_display": "67", "missing_lines": 3, "excluded_lines": 0}, "missing_lines": [49, 50, 51], "excluded_lines": []}, "AgentExecutionTracker.complete_run": {"executed_lines": [56, 57, 65, 67, 68, 69, 73], "summary": {"covered_lines": 7, "num_statements": 11, "percent_covered": 63.63636363636363, "percent_covered_display": "64", "missing_lines": 4, "excluded_lines": 0}, "missing_lines": [71, 75, 76, 77], "excluded_lines": []}, "AgentExecutionTracker.fail_run": {"executed_lines": [82, 83, 90, 92, 93, 94, 96], "summary": {"covered_lines": 7, "num_statements": 10, "percent_covered": 70.0, "percent_covered_display": "70", "missing_lines": 3, "excluded_lines": 0}, "missing_lines": [98, 99, 100], "excluded_lines": []}, "AgentExecutionTracker.log_step": {"executed_lines": [107, 109, 110, 111, 113, 123, 125, 126, 127, 129, 131], "summary": {"covered_lines": 11, "num_statements": 14, "percent_covered": 78.57142857142857, "percent_covered_display": "79", "missing_lines": 3, "excluded_lines": 0}, "missing_lines": [133, 134, 135], "excluded_lines": []}, "AgentExecutionTracker.track_step": {"executed_lines": [140, 143, 144, 145, 147, 148, 149, 158, 165], "summary": {"covered_lines": 9, "num_statements": 14, "percent_covered": 64.28571428571429, "percent_covered_display": "64", "missing_lines": 5, "excluded_lines": 0}, "missing_lines": [141, 151, 152, 153, 154], "excluded_lines": []}, "AgentExecutionTracker.update_run_progress": {"executed_lines": [170, 172, 175, 177, 183, 185, 186, 188], "summary": {"covered_lines": 8, "num_statements": 11, "percent_covered": 72.72727272727273, "percent_covered_display": "73", "missing_lines": 3, "excluded_lines": 0}, "missing_lines": [190, 191, 192], "excluded_lines": []}, "AgentExecutionTracker.get_run_statistics": {"executed_lines": [197, 198, 199, 200], "summary": {"covered_lines": 4, "num_statements": 7, "percent_covered": 57.142857142857146, "percent_covered_display": "57", "missing_lines": 3, "excluded_lines": 0}, "missing_lines": [202, 203, 204], "excluded_lines": []}, "AgentExecutionTracker.get_step_performance": {"executed_lines": [], "summary": {"covered_lines": 0, "num_statements": 7, "percent_covered": 0.0, "percent_covered_display": "0", "missing_lines": 7, "excluded_lines": 0}, "missing_lines": [210, 211, 212, 213, 215, 216, 217], "excluded_lines": []}, "AgentExecutionTracker.get_recent_runs": {"executed_lines": [222, 223, 224, 225], "summary": {"covered_lines": 4, "num_statements": 7, "percent_covered": 57.142857142857146, "percent_covered_display": "57", "missing_lines": 3, "excluded_lines": 0}, "missing_lines": [227, 228, 229], "excluded_lines": []}, "AgentExecutionTracker.get_run_details": {"executed_lines": [], "summary": {"covered_lines": 0, "num_statements": 12, "percent_covered": 0.0, "percent_covered_display": "0", "missing_lines": 12, "excluded_lines": 0}, "missing_lines": [234, 236, 237, 239, 240, 241, 244, 246, 247, 249, 250, 251], "excluded_lines": []}, "AgentExecutionTracker.cleanup_old_records": {"executed_lines": [255, 257, 258], "summary": {"covered_lines": 3, "num_statements": 6, "percent_covered": 50.0, "percent_covered_display": "50", "missing_lines": 3, "excluded_lines": 0}, "missing_lines": [260, 261, 262], "excluded_lines": []}, "AgentExecutionTracker.is_running": {"executed_lines": [267], "summary": {"covered_lines": 1, "num_statements": 1, "percent_covered": 100.0, "percent_covered_display": "100", "missing_lines": 0, "excluded_lines": 0}, "missing_lines": [], "excluded_lines": []}, "AgentExecutionTracker.current_run": {"executed_lines": [272], "summary": {"covered_lines": 1, "num_statements": 1, "percent_covered": 100.0, "percent_covered_display": "100", "missing_lines": 0, "excluded_lines": 0}, "missing_lines": [], "excluded_lines": []}, "": {"executed_lines": [1, 7, 8, 9, 10, 13, 15, 16, 17, 19, 22, 23, 25, 30, 31, 53, 54, 79, 80, 102, 103, 137, 138, 167, 168, 194, 195, 206, 207, 219, 220, 231, 232, 253, 264, 265, 269, 270], "summary": {"covered_lines": 36, "num_statements": 36, "percent_covered": 100.0, "percent_covered_display": "100", "missing_lines": 0, "excluded_lines": 0}, "missing_lines": [], "excluded_lines": []}}, "classes": {"AgentExecutionTracker": {"executed_lines": [26, 27, 28, 33, 34, 43, 44, 46, 47, 56, 57, 65, 67, 68, 69, 73, 82, 83, 90, 92, 93, 94, 96, 107, 109, 110, 111, 113, 123, 125, 126, 127, 129, 131, 140, 143, 144, 145, 147, 148, 149, 158, 165, 170, 172, 175, 177, 183, 185, 186, 188, 197, 198, 199, 200, 222, 223, 224, 225, 255, 257, 258, 267, 272], "summary": {"covered_lines": 64, "num_statements": 113, "percent_covered": 56.63716814159292, "percent_covered_display": "57", "missing_lines": 49, "excluded_lines": 0}, "missing_lines": [49, 50, 51, 71, 75, 76, 77, 98, 99, 100, 133, 134, 135, 141, 151, 152, 153, 154, 190, 191, 192, 202, 203, 204, 210, 211, 212, 213, 215, 216, 217, 227, 228, 229, 234, 236, 237, 239, 240, 241, 244, 246, 247, 249, 250, 251, 260, 261, 262], "excluded_lines": []}, "": {"executed_lines": [1, 7, 8, 9, 10, 13, 15, 16, 17, 19, 22, 23, 25, 30, 31, 53, 54, 79, 80, 102, 103, 137, 138, 167, 168, 194, 195, 206, 207, 219, 220, 231, 232, 253, 264, 265, 269, 270], "summary": {"covered_lines": 36, "num_statements": 36, "percent_covered": 100.0, "percent_covered_display": "100", "missing_lines": 0, "excluded_lines": 0}, "missing_lines": [], "excluded_lines": []}}}, "src/fsoa/agent/managers/notification_manager.py": {"executed_lines": [1, 7, 10, 11, 12, 14, 18, 19, 20, 21, 23, 26, 27, 28, 29, 30, 31, 32, 33, 35, 36, 37, 40, 41, 43, 44, 45, 46, 49, 50, 53, 54, 57, 59, 61, 62, 65, 66, 68, 72, 73, 75, 81, 82, 85, 87, 89, 90, 92, 94, 97, 98, 100, 115, 116, 122, 126, 152, 156, 161, 162, 168, 169, 171, 173, 175, 176, 178, 183, 185, 189, 192, 195, 196, 197, 198, 199, 200, 201, 209, 210, 217, 224, 226, 227, 229, 231, 238, 240, 242, 247, 248, 249, 265, 267, 268, 269, 270, 271, 272, 274, 277, 279, 281, 282, 285, 286, 289, 290, 293, 305, 306, 307, 312, 313, 314, 316, 324, 327, 329, 330, 331, 332, 343, 344, 346, 347, 349, 372, 375, 376, 387, 425, 456, 459, 461, 483, 484, 485, 487, 525, 554, 563, 604, 606, 607, 618, 619, 627, 630, 635, 638, 639, 640, 641, 675, 676, 678, 679, 680, 681, 684, 685, 687, 719, 720, 721, 730], "summary": {"covered_lines": 165, "num_statements": 390, "percent_covered": 42.30769230769231, "percent_covered_display": "42", "missing_lines": 225, "excluded_lines": 0}, "missing_lines": [78, 79, 102, 111, 112, 113, 117, 123, 127, 129, 130, 133, 136, 138, 147, 148, 149, 151, 153, 157, 158, 159, 164, 165, 166, 179, 180, 186, 187, 203, 204, 205, 206, 207, 212, 213, 214, 215, 234, 235, 252, 256, 257, 258, 260, 261, 262, 263, 294, 295, 296, 297, 298, 300, 301, 302, 308, 309, 310, 318, 319, 320, 321, 322, 334, 336, 338, 341, 352, 354, 356, 363, 364, 365, 367, 368, 370, 377, 378, 380, 381, 382, 383, 385, 390, 398, 399, 400, 401, 402, 403, 404, 405, 407, 423, 428, 430, 433, 434, 435, 436, 439, 445, 446, 448, 450, 452, 453, 454, 464, 465, 466, 467, 470, 476, 477, 479, 481, 490, 492, 494, 495, 496, 499, 502, 503, 504, 505, 508, 514, 515, 517, 519, 521, 522, 523, 527, 529, 532, 533, 534, 536, 539, 540, 541, 543, 546, 548, 550, 551, 552, 556, 557, 558, 559, 560, 561, 565, 567, 570, 578, 584, 586, 587, 589, 591, 596, 597, 599, 601, 602, 609, 610, 612, 615, 621, 624, 632, 633, 642, 643, 646, 647, 648, 649, 652, 653, 654, 655, 656, 660, 671, 673, 689, 694, 695, 696, 697, 700, 701, 702, 703, 704, 705, 707, 709, 739, 740, 741, 742, 745, 747, 749, 755, 757, 759, 762, 763, 765, 766, 768, 769, 771, 772, 773], "excluded_lines": [], "functions": {"NotificationResult.__post_init__": {"executed_lines": [36, 37], "summary": {"covered_lines": 2, "num_statements": 2, "percent_covered": 100.0, "percent_covered_display": "100", "missing_lines": 0, "excluded_lines": 0}, "missing_lines": [], "excluded_lines": []}, "NotificationTaskManager.__init__": {"executed_lines": [44, 45, 46, 49, 50, 53, 54, 57], "summary": {"covered_lines": 8, "num_statements": 8, "percent_covered": 100.0, "percent_covered_display": "100", "missing_lines": 0, "excluded_lines": 0}, "missing_lines": [], "excluded_lines": []}, "NotificationTaskManager._load_config_from_db": {"executed_lines": [61, 62, 65, 66, 68, 72, 73, 75], "summary": {"covered_lines": 8, "num_statements": 10, "percent_covered": 80.0, "percent_covered_display": "80", "missing_lines": 2, "excluded_lines": 0}, "missing_lines": [78, 79], "excluded_lines": []}, "NotificationTaskManager.create_notification_tasks": {"executed_lines": [85, 87, 89, 90, 92, 94, 97, 98, 100, 115, 116, 122, 126, 152, 156, 161, 162], "summary": {"covered_lines": 17, "num_statements": 40, "percent_covered": 42.5, "percent_covered_display": "42", "missing_lines": 23, "excluded_lines": 0}, "missing_lines": [102, 111, 112, 113, 117, 123, 127, 129, 130, 133, 136, 138, 147, 148, 149, 151, 153, 157, 158, 159, 164, 165, 166], "excluded_lines": []}, "NotificationTaskManager.execute_pending_tasks": {"executed_lines": [171, 173, 175, 176, 178, 183, 185, 189, 192, 195, 196, 197, 198, 199, 200, 201, 209, 210], "summary": {"covered_lines": 18, "num_statements": 31, "percent_covered": 58.064516129032256, "percent_covered_display": "58", "missing_lines": 13, "excluded_lines": 0}, "missing_lines": [179, 180, 186, 187, 203, 204, 205, 206, 207, 212, 213, 214, 215], "excluded_lines": []}, "NotificationTaskManager._has_pending_task": {"executed_lines": [224, 226, 227, 229, 231, 238, 240, 242, 247, 248, 249], "summary": {"covered_lines": 11, "num_statements": 21, "percent_covered": 52.38095238095238, "percent_covered_display": "52", "missing_lines": 10, "excluded_lines": 0}, "missing_lines": [234, 235, 252, 256, 257, 258, 260, 261, 262, 263], "excluded_lines": []}, "NotificationTaskManager._group_tasks_by_org": {"executed_lines": [267, 268, 269, 270, 271, 272], "summary": {"covered_lines": 6, "num_statements": 6, "percent_covered": 100.0, "percent_covered_display": "100", "missing_lines": 0, "excluded_lines": 0}, "missing_lines": [], "excluded_lines": []}, "NotificationTaskManager._send_org_notifications": {"executed_lines": [277, 279, 281, 282, 285, 286, 289, 290, 293, 305, 306, 307, 312, 313, 314, 316], "summary": {"covered_lines": 16, "num_statements": 32, "percent_covered": 50.0, "percent_covered_display": "50", "missing_lines": 16, "excluded_lines": 0}, "missing_lines": [294, 295, 296, 297, 298, 300, 301, 302, 308, 309, 310, 318, 319, 320, 321, 322], "excluded_lines": []}, "NotificationTaskManager._format_notification_message": {"executed_lines": [327, 329, 330, 331, 332, 343, 344, 346, 347], "summary": {"covered_lines": 9, "num_statements": 13, "percent_covered": 69.23076923076923, "percent_covered_display": "69", "missing_lines": 4, "excluded_lines": 0}, "missing_lines": [334, 336, 338, 341], "excluded_lines": []}, "NotificationTaskManager._format_with_llm": {"executed_lines": [], "summary": {"covered_lines": 0, "num_statements": 9, "percent_covered": 0.0, "percent_covered_display": "0", "missing_lines": 9, "excluded_lines": 0}, "missing_lines": [352, 354, 356, 363, 364, 365, 367, 368, 370], "excluded_lines": []}, "NotificationTaskManager._format_with_template": {"executed_lines": [375, 376], "summary": {"covered_lines": 2, "num_statements": 9, "percent_covered": 22.22222222222222, "percent_covered_display": "22", "missing_lines": 7, "excluded_lines": 0}, "missing_lines": [377, 378, 380, 381, 382, 383, 385], "excluded_lines": []}, "NotificationTaskManager._build_llm_formatting_prompt": {"executed_lines": [], "summary": {"covered_lines": 0, "num_statements": 11, "percent_covered": 0.0, "percent_covered_display": "0", "missing_lines": 11, "excluded_lines": 0}, "missing_lines": [390, 398, 399, 400, 401, 402, 403, 404, 405, 407, 423], "excluded_lines": []}, "NotificationTaskManager._send_standard_notification": {"executed_lines": [], "summary": {"covered_lines": 0, "num_statements": 14, "percent_covered": 0.0, "percent_covered_display": "0", "missing_lines": 14, "excluded_lines": 0}, "missing_lines": [428, 430, 433, 434, 435, 436, 439, 445, 446, 448, 450, 452, 453, 454], "excluded_lines": []}, "NotificationTaskManager._send_reminder_notification": {"executed_lines": [459, 461, 483, 484, 485], "summary": {"covered_lines": 5, "num_statements": 14, "percent_covered": 35.714285714285715, "percent_covered_display": "36", "missing_lines": 9, "excluded_lines": 0}, "missing_lines": [464, 465, 466, 467, 470, 476, 477, 479, 481], "excluded_lines": []}, "NotificationTaskManager._send_escalation_notification": {"executed_lines": [], "summary": {"covered_lines": 0, "num_statements": 18, "percent_covered": 0.0, "percent_covered_display": "0", "missing_lines": 18, "excluded_lines": 0}, "missing_lines": [490, 492, 494, 495, 496, 499, 502, 503, 504, 505, 508, 514, 515, 517, 519, 521, 522, 523], "excluded_lines": []}, "NotificationTaskManager._get_all_escalation_opportunities_for_org": {"executed_lines": [], "summary": {"covered_lines": 0, "num_statements": 15, "percent_covered": 0.0, "percent_covered_display": "0", "missing_lines": 15, "excluded_lines": 0}, "missing_lines": [527, 529, 532, 533, 534, 536, 539, 540, 541, 543, 546, 548, 550, 551, 552], "excluded_lines": []}, "NotificationTaskManager._has_pending_escalation_task_for_org": {"executed_lines": [], "summary": {"covered_lines": 0, "num_statements": 6, "percent_covered": 0.0, "percent_covered_display": "0", "missing_lines": 6, "excluded_lines": 0}, "missing_lines": [556, 557, 558, 559, 560, 561], "excluded_lines": []}, "NotificationTaskManager._cleanup_old_escalation_tasks_for_org": {"executed_lines": [], "summary": {"covered_lines": 0, "num_statements": 14, "percent_covered": 0.0, "percent_covered_display": "0", "missing_lines": 14, "excluded_lines": 0}, "missing_lines": [565, 567, 570, 578, 584, 586, 587, 589, 591, 596, 597, 599, 601, 602], "excluded_lines": []}, "NotificationTaskManager._update_task_after_send": {"executed_lines": [606, 607, 618, 619, 627, 630], "summary": {"covered_lines": 6, "num_statements": 14, "percent_covered": 42.857142857142854, "percent_covered_display": "43", "missing_lines": 8, "excluded_lines": 0}, "missing_lines": [609, 610, 612, 615, 621, 624, 632, 633], "excluded_lines": []}, "NotificationTaskManager._get_opportunity_info_for_notification": {"executed_lines": [638, 639, 640, 641], "summary": {"covered_lines": 4, "num_statements": 18, "percent_covered": 22.22222222222222, "percent_covered_display": "22", "missing_lines": 14, "excluded_lines": 0}, "missing_lines": [642, 643, 646, 647, 648, 649, 652, 653, 654, 655, 656, 660, 671, 673], "excluded_lines": []}, "NotificationTaskManager.get_notification_statistics": {"executed_lines": [678, 679, 680, 681, 684, 685, 687, 719, 720, 721], "summary": {"covered_lines": 10, "num_statements": 23, "percent_covered": 43.47826086956522, "percent_covered_display": "43", "missing_lines": 13, "excluded_lines": 0}, "missing_lines": [689, 694, 695, 696, 697, 700, 701, 702, 703, 704, 705, 707, 709], "excluded_lines": []}, "NotificationTaskManager.cleanup_old_tasks": {"executed_lines": [], "summary": {"covered_lines": 0, "num_statements": 19, "percent_covered": 0.0, "percent_covered_display": "0", "missing_lines": 19, "excluded_lines": 0}, "missing_lines": [739, 740, 741, 742, 745, 747, 749, 755, 757, 759, 762, 763, 765, 766, 768, 769, 771, 772, 773], "excluded_lines": []}, "": {"executed_lines": [1, 7, 10, 11, 12, 14, 18, 19, 20, 21, 23, 26, 27, 28, 29, 30, 31, 32, 33, 35, 40, 41, 43, 59, 81, 82, 168, 169, 217, 265, 274, 324, 349, 372, 387, 425, 456, 487, 525, 554, 563, 604, 635, 675, 676, 730], "summary": {"covered_lines": 43, "num_statements": 43, "percent_covered": 100.0, "percent_covered_display": "100", "missing_lines": 0, "excluded_lines": 0}, "missing_lines": [], "excluded_lines": []}}, "classes": {"NotificationResult": {"executed_lines": [36, 37], "summary": {"covered_lines": 2, "num_statements": 2, "percent_covered": 100.0, "percent_covered_display": "100", "missing_lines": 0, "excluded_lines": 0}, "missing_lines": [], "excluded_lines": []}, "NotificationTaskManager": {"executed_lines": [44, 45, 46, 49, 50, 53, 54, 57, 61, 62, 65, 66, 68, 72, 73, 75, 85, 87, 89, 90, 92, 94, 97, 98, 100, 115, 116, 122, 126, 152, 156, 161, 162, 171, 173, 175, 176, 178, 183, 185, 189, 192, 195, 196, 197, 198, 199, 200, 201, 209, 210, 224, 226, 227, 229, 231, 238, 240, 242, 247, 248, 249, 267, 268, 269, 270, 271, 272, 277, 279, 281, 282, 285, 286, 289, 290, 293, 305, 306, 307, 312, 313, 314, 316, 327, 329, 330, 331, 332, 343, 344, 346, 347, 375, 376, 459, 461, 483, 484, 485, 606, 607, 618, 619, 627, 630, 638, 639, 640, 641, 678, 679, 680, 681, 684, 685, 687, 719, 720, 721], "summary": {"covered_lines": 120, "num_statements": 345, "percent_covered": 34.78260869565217, "percent_covered_display": "35", "missing_lines": 225, "excluded_lines": 0}, "missing_lines": [78, 79, 102, 111, 112, 113, 117, 123, 127, 129, 130, 133, 136, 138, 147, 148, 149, 151, 153, 157, 158, 159, 164, 165, 166, 179, 180, 186, 187, 203, 204, 205, 206, 207, 212, 213, 214, 215, 234, 235, 252, 256, 257, 258, 260, 261, 262, 263, 294, 295, 296, 297, 298, 300, 301, 302, 308, 309, 310, 318, 319, 320, 321, 322, 334, 336, 338, 341, 352, 354, 356, 363, 364, 365, 367, 368, 370, 377, 378, 380, 381, 382, 383, 385, 390, 398, 399, 400, 401, 402, 403, 404, 405, 407, 423, 428, 430, 433, 434, 435, 436, 439, 445, 446, 448, 450, 452, 453, 454, 464, 465, 466, 467, 470, 476, 477, 479, 481, 490, 492, 494, 495, 496, 499, 502, 503, 504, 505, 508, 514, 515, 517, 519, 521, 522, 523, 527, 529, 532, 533, 534, 536, 539, 540, 541, 543, 546, 548, 550, 551, 552, 556, 557, 558, 559, 560, 561, 565, 567, 570, 578, 584, 586, 587, 589, 591, 596, 597, 599, 601, 602, 609, 610, 612, 615, 621, 624, 632, 633, 642, 643, 646, 647, 648, 649, 652, 653, 654, 655, 656, 660, 671, 673, 689, 694, 695, 696, 697, 700, 701, 702, 703, 704, 705, 707, 709, 739, 740, 741, 742, 745, 747, 749, 755, 757, 759, 762, 763, 765, 766, 768, 769, 771, 772, 773], "excluded_lines": []}, "": {"executed_lines": [1, 7, 10, 11, 12, 14, 18, 19, 20, 21, 23, 26, 27, 28, 29, 30, 31, 32, 33, 35, 40, 41, 43, 59, 81, 82, 168, 169, 217, 265, 274, 324, 349, 372, 387, 425, 456, 487, 525, 554, 563, 604, 635, 675, 676, 730], "summary": {"covered_lines": 43, "num_statements": 43, "percent_covered": 100.0, "percent_covered_display": "100", "missing_lines": 0, "excluded_lines": 0}, "missing_lines": [], "excluded_lines": []}}}, "src/fsoa/agent/orchestrator.py": {"executed_lines": [1, 7, 8, 9, 10, 12, 18, 19, 20, 21, 32, 33, 35, 38, 39, 40, 41, 42, 43, 44, 45, 46, 47, 48, 49, 50, 53, 54, 55, 58, 59, 61, 62, 63, 64, 67, 68, 69, 71, 73, 76, 79, 80, 81, 82, 83, 86, 89, 90, 98, 99, 100, 102, 104, 115, 116, 118, 121, 128, 130, 133, 152, 161, 164, 172, 175, 176, 177, 178, 179, 180, 182, 192, 194, 196, 198, 201, 202, 204, 205, 208, 209, 210, 213, 214, 215, 216, 218, 247, 249, 251, 253, 254, 255, 257, 258, 259, 260, 298, 334, 388, 390, 392, 393, 395, 396, 397, 398, 399, 402, 411, 412, 415, 418, 419, 420, 421, 429, 431, 511, 513, 514, 517, 519, 524, 526, 532, 541], "summary": {"covered_lines": 125, "num_statements": 293, "percent_covered": 42.66211604095563, "percent_covered_display": "43", "missing_lines": 168, "excluded_lines": 0}, "missing_lines": [184, 185, 186, 187, 188, 222, 223, 224, 225, 226, 229, 230, 231, 232, 233, 234, 235, 236, 237, 239, 240, 241, 242, 243, 244, 245, 263, 264, 267, 268, 269, 270, 271, 272, 273, 274, 275, 278, 286, 288, 290, 291, 292, 293, 294, 296, 300, 302, 303, 304, 306, 307, 308, 309, 312, 316, 317, 320, 321, 322, 324, 326, 327, 328, 329, 330, 332, 336, 339, 340, 341, 343, 344, 345, 346, 349, 353, 354, 357, 358, 359, 360, 362, 365, 370, 371, 372, 373, 374, 375, 377, 378, 380, 381, 382, 383, 384, 386, 423, 424, 425, 426, 427, 433, 436, 437, 439, 440, 442, 443, 450, 451, 452, 455, 458, 466, 467, 469, 470, 472, 475, 476, 478, 479, 480, 481, 482, 485, 486, 488, 489, 490, 491, 493, 494, 495, 496, 497, 499, 500, 501, 502, 503, 518, 521, 530, 534, 543, 545, 546, 550, 552, 557, 559, 560, 561, 569, 572, 573, 575, 586, 587, 588, 590, 591, 592, 593, 595], "excluded_lines": [], "functions": {"AgentOrchestrator.__init__": {"executed_lines": [62, 63, 64, 67, 68, 69, 71], "summary": {"covered_lines": 7, "num_statements": 7, "percent_covered": 100.0, "percent_covered_display": "100", "missing_lines": 0, "excluded_lines": 0}, "missing_lines": [], "excluded_lines": []}, "AgentOrchestrator._build_graph": {"executed_lines": [76, 79, 80, 81, 82, 83, 86, 89, 90, 98, 99, 100, 102], "summary": {"covered_lines": 13, "num_statements": 13, "percent_covered": 100.0, "percent_covered_display": "100", "missing_lines": 0, "excluded_lines": 0}, "missing_lines": [], "excluded_lines": []}, "AgentOrchestrator.execute": {"executed_lines": [115, 116, 118, 121, 128, 130, 133, 152, 161, 164, 172, 175, 176, 177, 178, 179, 180, 182, 192, 194], "summary": {"covered_lines": 20, "num_statements": 25, "percent_covered": 80.0, "percent_covered_display": "80", "missing_lines": 5, "excluded_lines": 0}, "missing_lines": [184, 185, 186, 187, 188], "excluded_lines": []}, "AgentOrchestrator._fetch_data_node": {"executed_lines": [198, 201, 202, 204, 205, 208, 209, 210, 213, 214, 215, 216, 218, 247], "summary": {"covered_lines": 14, "num_statements": 35, "percent_covered": 40.0, "percent_covered_display": "40", "missing_lines": 21, "excluded_lines": 0}, "missing_lines": [222, 223, 224, 225, 226, 229, 230, 231, 232, 233, 234, 235, 236, 237, 239, 240, 241, 242, 243, 244, 245], "excluded_lines": []}, "AgentOrchestrator._analyze_status_node": {"executed_lines": [251, 253, 254, 255, 257, 258, 259, 260], "summary": {"covered_lines": 8, "num_statements": 28, "percent_covered": 28.571428571428573, "percent_covered_display": "29", "missing_lines": 20, "excluded_lines": 0}, "missing_lines": [263, 264, 267, 268, 269, 270, 271, 272, 273, 274, 275, 278, 286, 288, 290, 291, 292, 293, 294, 296], "excluded_lines": []}, "AgentOrchestrator._make_decision_node": {"executed_lines": [], "summary": {"covered_lines": 0, "num_statements": 21, "percent_covered": 0.0, "percent_covered_display": "0", "missing_lines": 21, "excluded_lines": 0}, "missing_lines": [300, 302, 303, 304, 306, 307, 308, 309, 312, 316, 317, 320, 321, 322, 324, 326, 327, 328, 329, 330, 332], "excluded_lines": []}, "AgentOrchestrator._process_task_node": {"executed_lines": [], "summary": {"covered_lines": 0, "num_statements": 31, "percent_covered": 0.0, "percent_covered_display": "0", "missing_lines": 31, "excluded_lines": 0}, "missing_lines": [336, 339, 340, 341, 343, 344, 345, 346, 349, 353, 354, 357, 358, 359, 360, 362, 365, 370, 371, 372, 373, 374, 375, 377, 378, 380, 381, 382, 383, 384, 386], "excluded_lines": []}, "AgentOrchestrator._record_results_node": {"executed_lines": [390, 392, 393, 395, 396, 397, 398, 399, 402, 411, 412, 415, 418, 419, 420, 421, 429], "summary": {"covered_lines": 17, "num_statements": 22, "percent_covered": 77.27272727272727, "percent_covered_display": "77", "missing_lines": 5, "excluded_lines": 0}, "missing_lines": [423, 424, 425, 426, 427], "excluded_lines": []}, "AgentOrchestrator._send_notification_node": {"executed_lines": [], "summary": {"covered_lines": 0, "num_statements": 40, "percent_covered": 0.0, "percent_covered_display": "0", "missing_lines": 40, "excluded_lines": 0}, "missing_lines": [433, 436, 437, 439, 440, 442, 443, 450, 451, 452, 455, 458, 466, 467, 469, 470, 472, 475, 476, 478, 479, 480, 481, 482, 485, 486, 488, 489, 490, 491, 493, 494, 495, 496, 497, 499, 500, 501, 502, 503], "excluded_lines": []}, "AgentOrchestrator._should_continue_processing": {"executed_lines": [513, 514, 517, 519, 524], "summary": {"covered_lines": 5, "num_statements": 7, "percent_covered": 71.42857142857143, "percent_covered_display": "71", "missing_lines": 2, "excluded_lines": 0}, "missing_lines": [518, 521], "excluded_lines": []}, "AgentOrchestrator.get_execution_history": {"executed_lines": [], "summary": {"covered_lines": 0, "num_statements": 1, "percent_covered": 0.0, "percent_covered_display": "0", "missing_lines": 1, "excluded_lines": 0}, "missing_lines": [530], "excluded_lines": []}, "AgentOrchestrator.get_current_status": {"executed_lines": [], "summary": {"covered_lines": 0, "num_statements": 1, "percent_covered": 0.0, "percent_covered_display": "0", "missing_lines": 1, "excluded_lines": 0}, "missing_lines": [534], "excluded_lines": []}, "AgentOrchestrator._send_business_notifications": {"executed_lines": [], "summary": {"covered_lines": 0, "num_statements": 21, "percent_covered": 0.0, "percent_covered_display": "0", "missing_lines": 21, "excluded_lines": 0}, "missing_lines": [543, 545, 546, 550, 552, 557, 559, 560, 561, 569, 572, 573, 575, 586, 587, 588, 590, 591, 592, 593, 595], "excluded_lines": []}, "": {"executed_lines": [1, 7, 8, 9, 10, 12, 18, 19, 20, 21, 32, 33, 35, 38, 39, 40, 41, 42, 43, 44, 45, 46, 47, 48, 49, 50, 53, 54, 55, 58, 59, 61, 73, 104, 196, 249, 298, 334, 388, 431, 511, 526, 532, 541], "summary": {"covered_lines": 41, "num_statements": 41, "percent_covered": 100.0, "percent_covered_display": "100", "missing_lines": 0, "excluded_lines": 0}, "missing_lines": [], "excluded_lines": []}}, "classes": {"AgentState": {"executed_lines": [], "summary": {"covered_lines": 0, "num_statements": 0, "percent_covered": 100.0, "percent_covered_display": "100", "missing_lines": 0, "excluded_lines": 0}, "missing_lines": [], "excluded_lines": []}, "AgentOrchestrator": {"executed_lines": [62, 63, 64, 67, 68, 69, 71, 76, 79, 80, 81, 82, 83, 86, 89, 90, 98, 99, 100, 102, 115, 116, 118, 121, 128, 130, 133, 152, 161, 164, 172, 175, 176, 177, 178, 179, 180, 182, 192, 194, 198, 201, 202, 204, 205, 208, 209, 210, 213, 214, 215, 216, 218, 247, 251, 253, 254, 255, 257, 258, 259, 260, 390, 392, 393, 395, 396, 397, 398, 399, 402, 411, 412, 415, 418, 419, 420, 421, 429, 513, 514, 517, 519, 524], "summary": {"covered_lines": 84, "num_statements": 252, "percent_covered": 33.333333333333336, "percent_covered_display": "33", "missing_lines": 168, "excluded_lines": 0}, "missing_lines": [184, 185, 186, 187, 188, 222, 223, 224, 225, 226, 229, 230, 231, 232, 233, 234, 235, 236, 237, 239, 240, 241, 242, 243, 244, 245, 263, 264, 267, 268, 269, 270, 271, 272, 273, 274, 275, 278, 286, 288, 290, 291, 292, 293, 294, 296, 300, 302, 303, 304, 306, 307, 308, 309, 312, 316, 317, 320, 321, 322, 324, 326, 327, 328, 329, 330, 332, 336, 339, 340, 341, 343, 344, 345, 346, 349, 353, 354, 357, 358, 359, 360, 362, 365, 370, 371, 372, 373, 374, 375, 377, 378, 380, 381, 382, 383, 384, 386, 423, 424, 425, 426, 427, 433, 436, 437, 439, 440, 442, 443, 450, 451, 452, 455, 458, 466, 467, 469, 470, 472, 475, 476, 478, 479, 480, 481, 482, 485, 486, 488, 489, 490, 491, 493, 494, 495, 496, 497, 499, 500, 501, 502, 503, 518, 521, 530, 534, 543, 545, 546, 550, 552, 557, 559, 560, 561, 569, 572, 573, 575, 586, 587, 588, 590, 591, 592, 593, 595], "excluded_lines": []}, "": {"executed_lines": [1, 7, 8, 9, 10, 12, 18, 19, 20, 21, 32, 33, 35, 38, 39, 40, 41, 42, 43, 44, 45, 46, 47, 48, 49, 50, 53, 54, 55, 58, 59, 61, 73, 104, 196, 249, 298, 334, 388, 431, 511, 526, 532, 541], "summary": {"covered_lines": 41, "num_statements": 41, "percent_covered": 100.0, "percent_covered_display": "100", "missing_lines": 0, "excluded_lines": 0}, "missing_lines": [], "excluded_lines": []}}}, "src/fsoa/agent/tools.py": {"executed_lines": [1, 7, 8, 11, 12, 13, 15, 19, 20, 21, 22, 23, 24, 27, 29, 32, 33, 34, 37, 73, 74, 75, 77, 80, 81, 82, 84, 87, 88, 89, 91, 94, 95, 96, 103, 104, 136, 137, 167, 188, 189, 196, 197, 198, 204, 205, 212, 213, 214, 215, 221, 222, 232, 233, 239, 242, 245, 246, 247, 248, 249, 250, 255, 256, 257, 267, 268, 367, 368, 423, 424, 431, 439, 441, 444, 447, 450, 451, 454, 461, 465, 467, 468, 470, 471, 472, 473, 476, 477, 531, 532, 550, 551, 569, 570, 589, 590, 616, 617, 711, 712, 734, 735, 762, 763, 796, 797], "summary": {"covered_lines": 105, "num_statements": 325, "percent_covered": 32.30769230769231, "percent_covered_display": "32", "missing_lines": 220, "excluded_lines": 0}, "missing_lines": [39, 40, 41, 42, 44, 45, 46, 47, 48, 49, 50, 54, 56, 57, 61, 63, 64, 65, 122, 128, 133, 159, 164, 179, 180, 185, 199, 200, 201, 216, 217, 218, 235, 236, 251, 252, 259, 260, 262, 263, 264, 275, 276, 278, 279, 282, 283, 286, 287, 288, 289, 290, 291, 294, 298, 299, 300, 303, 304, 305, 308, 309, 310, 311, 314, 324, 325, 326, 329, 330, 331, 332, 334, 335, 336, 337, 338, 339, 342, 343, 344, 345, 346, 347, 348, 350, 352, 354, 355, 356, 375, 376, 377, 379, 380, 382, 383, 384, 385, 386, 387, 393, 394, 396, 403, 405, 412, 413, 414, 460, 488, 489, 490, 492, 493, 496, 497, 498, 501, 504, 507, 515, 516, 517, 542, 543, 544, 545, 546, 547, 561, 562, 563, 564, 565, 566, 581, 582, 583, 584, 585, 586, 600, 601, 602, 605, 611, 612, 613, 624, 625, 628, 631, 634, 635, 636, 639, 640, 643, 644, 645, 648, 649, 650, 651, 652, 657, 660, 661, 662, 664, 667, 668, 669, 670, 673, 674, 676, 689, 690, 692, 722, 723, 724, 726, 727, 729, 730, 731, 746, 747, 748, 750, 751, 753, 755, 757, 758, 759, 770, 771, 772, 775, 776, 777, 779, 788, 789, 791, 792, 793, 804, 805, 806, 808, 815, 816, 818, 819, 820], "excluded_lines": [], "functions": {"retry_on_failure": {"executed_lines": [], "summary": {"covered_lines": 0, "num_statements": 3, "percent_covered": 0.0, "percent_covered_display": "0", "missing_lines": 3, "excluded_lines": 0}, "missing_lines": [39, 40, 65], "excluded_lines": []}, "retry_on_failure.decorator": {"executed_lines": [], "summary": {"covered_lines": 0, "num_statements": 2, "percent_covered": 0.0, "percent_covered_display": "0", "missing_lines": 2, "excluded_lines": 0}, "missing_lines": [41, 64], "excluded_lines": []}, "retry_on_failure.decorator.wrapper": {"executed_lines": [], "summary": {"covered_lines": 0, "num_statements": 13, "percent_covered": 0.0, "percent_covered_display": "0", "missing_lines": 13, "excluded_lines": 0}, "missing_lines": [42, 44, 45, 46, 47, 48, 49, 50, 54, 56, 57, 61, 63], "excluded_lines": []}, "get_data_strategy": {"executed_lines": [80, 81, 82], "summary": {"covered_lines": 3, "num_statements": 3, "percent_covered": 100.0, "percent_covered_display": "100", "missing_lines": 0, "excluded_lines": 0}, "missing_lines": [], "excluded_lines": []}, "get_notification_manager": {"executed_lines": [87, 88, 89], "summary": {"covered_lines": 3, "num_statements": 3, "percent_covered": 100.0, "percent_covered_display": "100", "missing_lines": 0, "excluded_lines": 0}, "missing_lines": [], "excluded_lines": []}, "get_execution_tracker": {"executed_lines": [94, 95, 96], "summary": {"covered_lines": 3, "num_statements": 3, "percent_covered": 100.0, "percent_covered_display": "100", "missing_lines": 0, "excluded_lines": 0}, "missing_lines": [], "excluded_lines": []}, "update_task_status": {"executed_lines": [], "summary": {"covered_lines": 0, "num_statements": 3, "percent_covered": 0.0, "percent_covered_display": "0", "missing_lines": 3, "excluded_lines": 0}, "missing_lines": [122, 128, 133], "excluded_lines": []}, "get_task_notification_history": {"executed_lines": [], "summary": {"covered_lines": 0, "num_statements": 2, "percent_covered": 0.0, "percent_covered_display": "0", "missing_lines": 2, "excluded_lines": 0}, "missing_lines": [159, 164], "excluded_lines": []}, "_check_notification_cooldown": {"executed_lines": [], "summary": {"covered_lines": 0, "num_statements": 3, "percent_covered": 0.0, "percent_covered_display": "0", "missing_lines": 3, "excluded_lines": 0}, "missing_lines": [179, 180, 185], "excluded_lines": []}, "test_metabase_connection": {"executed_lines": [196, 197, 198], "summary": {"covered_lines": 3, "num_statements": 6, "percent_covered": 50.0, "percent_covered_display": "50", "missing_lines": 3, "excluded_lines": 0}, "missing_lines": [199, 200, 201], "excluded_lines": []}, "test_deepseek_connection": {"executed_lines": [212, 213, 214, 215], "summary": {"covered_lines": 4, "num_statements": 7, "percent_covered": 57.142857142857146, "percent_covered_display": "57", "missing_lines": 3, "excluded_lines": 0}, "missing_lines": [216, 217, 218], "excluded_lines": []}, "test_wechat_webhook": {"executed_lines": [232, 233, 239, 242, 245, 246, 247, 248, 249, 250, 255, 256, 257], "summary": {"covered_lines": 13, "num_statements": 22, "percent_covered": 59.09090909090909, "percent_covered_display": "59", "missing_lines": 9, "excluded_lines": 0}, "missing_lines": [235, 236, 251, 252, 259, 260, 262, 263, 264], "excluded_lines": []}, "get_agent_execution_status": {"executed_lines": [], "summary": {"covered_lines": 0, "num_statements": 49, "percent_covered": 0.0, "percent_covered_display": "0", "missing_lines": 49, "excluded_lines": 0}, "missing_lines": [275, 276, 278, 279, 282, 283, 286, 287, 288, 289, 290, 291, 294, 298, 299, 300, 303, 304, 305, 308, 309, 310, 311, 314, 324, 325, 326, 329, 330, 331, 332, 334, 335, 336, 337, 338, 339, 342, 343, 344, 345, 346, 347, 348, 350, 352, 354, 355, 356], "excluded_lines": []}, "detect_fsoa_processes": {"executed_lines": [], "summary": {"covered_lines": 0, "num_statements": 19, "percent_covered": 0.0, "percent_covered_display": "0", "missing_lines": 19, "excluded_lines": 0}, "missing_lines": [375, 376, 377, 379, 380, 382, 383, 384, 385, 386, 387, 393, 394, 396, 403, 405, 412, 413, 414], "excluded_lines": []}, "get_system_health": {"executed_lines": [431, 439, 441, 444, 447, 450, 451, 454, 461, 465, 467, 468, 470, 471, 472, 473], "summary": {"covered_lines": 16, "num_statements": 17, "percent_covered": 94.11764705882354, "percent_covered_display": "94", "missing_lines": 1, "excluded_lines": 0}, "missing_lines": [460], "excluded_lines": []}, "send_business_notifications": {"executed_lines": [], "summary": {"covered_lines": 0, "num_statements": 14, "percent_covered": 0.0, "percent_covered_display": "0", "missing_lines": 14, "excluded_lines": 0}, "missing_lines": [488, 489, 490, 492, 493, 496, 497, 498, 501, 504, 507, 515, 516, 517], "excluded_lines": []}, "fetch_overdue_opportunities": {"executed_lines": [], "summary": {"covered_lines": 0, "num_statements": 6, "percent_covered": 0.0, "percent_covered_display": "0", "missing_lines": 6, "excluded_lines": 0}, "missing_lines": [542, 543, 544, 545, 546, 547], "excluded_lines": []}, "get_all_opportunities": {"executed_lines": [], "summary": {"covered_lines": 0, "num_statements": 6, "percent_covered": 0.0, "percent_covered_display": "0", "missing_lines": 6, "excluded_lines": 0}, "missing_lines": [561, 562, 563, 564, 565, 566], "excluded_lines": []}, "create_notification_tasks": {"executed_lines": [], "summary": {"covered_lines": 0, "num_statements": 6, "percent_covered": 0.0, "percent_covered_display": "0", "missing_lines": 6, "excluded_lines": 0}, "missing_lines": [581, 582, 583, 584, 585, 586], "excluded_lines": []}, "execute_notification_tasks": {"executed_lines": [], "summary": {"covered_lines": 0, "num_statements": 7, "percent_covered": 0.0, "percent_covered_display": "0", "missing_lines": 7, "excluded_lines": 0}, "missing_lines": [600, 601, 602, 605, 611, 612, 613], "excluded_lines": []}, "get_opportunity_statistics": {"executed_lines": [], "summary": {"covered_lines": 0, "num_statements": 32, "percent_covered": 0.0, "percent_covered_display": "0", "missing_lines": 32, "excluded_lines": 0}, "missing_lines": [624, 625, 628, 631, 634, 635, 636, 639, 640, 643, 644, 645, 648, 649, 650, 651, 652, 657, 660, 661, 662, 664, 667, 668, 669, 670, 673, 674, 676, 689, 690, 692], "excluded_lines": []}, "start_agent_execution": {"executed_lines": [], "summary": {"covered_lines": 0, "num_statements": 8, "percent_covered": 0.0, "percent_covered_display": "0", "missing_lines": 8, "excluded_lines": 0}, "missing_lines": [722, 723, 724, 726, 727, 729, 730, 731], "excluded_lines": []}, "complete_agent_execution": {"executed_lines": [], "summary": {"covered_lines": 0, "num_statements": 10, "percent_covered": 0.0, "percent_covered_display": "0", "missing_lines": 10, "excluded_lines": 0}, "missing_lines": [746, 747, 748, 750, 751, 753, 755, 757, 758, 759], "excluded_lines": []}, "get_data_statistics": {"executed_lines": [], "summary": {"covered_lines": 0, "num_statements": 12, "percent_covered": 0.0, "percent_covered_display": "0", "missing_lines": 12, "excluded_lines": 0}, "missing_lines": [770, 771, 772, 775, 776, 777, 779, 788, 789, 791, 792, 793], "excluded_lines": []}, "refresh_business_data": {"executed_lines": [], "summary": {"covered_lines": 0, "num_statements": 9, "percent_covered": 0.0, "percent_covered_display": "0", "missing_lines": 9, "excluded_lines": 0}, "missing_lines": [804, 805, 806, 808, 815, 816, 818, 819, 820], "excluded_lines": []}, "": {"executed_lines": [1, 7, 8, 11, 12, 13, 15, 19, 20, 21, 22, 23, 24, 27, 29, 32, 33, 34, 37, 73, 74, 75, 77, 84, 91, 103, 104, 136, 137, 167, 188, 189, 204, 205, 221, 222, 267, 268, 367, 368, 423, 424, 476, 477, 531, 532, 550, 551, 569, 570, 589, 590, 616, 617, 711, 712, 734, 735, 762, 763, 796, 797], "summary": {"covered_lines": 60, "num_statements": 60, "percent_covered": 100.0, "percent_covered_display": "100", "missing_lines": 0, "excluded_lines": 0}, "missing_lines": [], "excluded_lines": []}}, "classes": {"ToolError": {"executed_lines": [], "summary": {"covered_lines": 0, "num_statements": 0, "percent_covered": 100.0, "percent_covered_display": "100", "missing_lines": 0, "excluded_lines": 0}, "missing_lines": [], "excluded_lines": []}, "": {"executed_lines": [1, 7, 8, 11, 12, 13, 15, 19, 20, 21, 22, 23, 24, 27, 29, 32, 33, 34, 37, 73, 74, 75, 77, 80, 81, 82, 84, 87, 88, 89, 91, 94, 95, 96, 103, 104, 136, 137, 167, 188, 189, 196, 197, 198, 204, 205, 212, 213, 214, 215, 221, 222, 232, 233, 239, 242, 245, 246, 247, 248, 249, 250, 255, 256, 257, 267, 268, 367, 368, 423, 424, 431, 439, 441, 444, 447, 450, 451, 454, 461, 465, 467, 468, 470, 471, 472, 473, 476, 477, 531, 532, 550, 551, 569, 570, 589, 590, 616, 617, 711, 712, 734, 735, 762, 763, 796, 797], "summary": {"covered_lines": 105, "num_statements": 325, "percent_covered": 32.30769230769231, "percent_covered_display": "32", "missing_lines": 220, "excluded_lines": 0}, "missing_lines": [39, 40, 41, 42, 44, 45, 46, 47, 48, 49, 50, 54, 56, 57, 61, 63, 64, 65, 122, 128, 133, 159, 164, 179, 180, 185, 199, 200, 201, 216, 217, 218, 235, 236, 251, 252, 259, 260, 262, 263, 264, 275, 276, 278, 279, 282, 283, 286, 287, 288, 289, 290, 291, 294, 298, 299, 300, 303, 304, 305, 308, 309, 310, 311, 314, 324, 325, 326, 329, 330, 331, 332, 334, 335, 336, 337, 338, 339, 342, 343, 344, 345, 346, 347, 348, 350, 352, 354, 355, 356, 375, 376, 377, 379, 380, 382, 383, 384, 385, 386, 387, 393, 394, 396, 403, 405, 412, 413, 414, 460, 488, 489, 490, 492, 493, 496, 497, 498, 501, 504, 507, 515, 516, 517, 542, 543, 544, 545, 546, 547, 561, 562, 563, 564, 565, 566, 581, 582, 583, 584, 585, 586, 600, 601, 602, 605, 611, 612, 613, 624, 625, 628, 631, 634, 635, 636, 639, 640, 643, 644, 645, 648, 649, 650, 651, 652, 657, 660, 661, 662, 664, 667, 668, 669, 670, 673, 674, 676, 689, 690, 692, 722, 723, 724, 726, 727, 729, 730, 731, 746, 747, 748, 750, 751, 753, 755, 757, 758, 759, 770, 771, 772, 775, 776, 777, 779, 788, 789, 791, 792, 793, 804, 805, 806, 808, 815, 816, 818, 819, 820], "excluded_lines": []}}}, "src/fsoa/analytics/__init__.py": {"executed_lines": [], "summary": {"covered_lines": 0, "num_statements": 2, "percent_covered": 0.0, "percent_covered_display": "0", "missing_lines": 2, "excluded_lines": 0}, "missing_lines": [7, 9], "excluded_lines": [], "functions": {"": {"executed_lines": [], "summary": {"covered_lines": 0, "num_statements": 2, "percent_covered": 0.0, "percent_covered_display": "0", "missing_lines": 2, "excluded_lines": 0}, "missing_lines": [7, 9], "excluded_lines": []}}, "classes": {"": {"executed_lines": [], "summary": {"covered_lines": 0, "num_statements": 2, "percent_covered": 0.0, "percent_covered_display": "0", "missing_lines": 2, "excluded_lines": 0}, "missing_lines": [7, 9], "excluded_lines": []}}}, "src/fsoa/analytics/business_metrics.py": {"executed_lines": [], "summary": {"covered_lines": 0, "num_statements": 107, "percent_covered": 0.0, "percent_covered_display": "0", "missing_lines": 107, "excluded_lines": 0}, "missing_lines": [7, 8, 9, 10, 11, 12, 14, 17, 20, 21, 31, 32, 35, 36, 37, 39, 41, 42, 43, 45, 46, 49, 50, 51, 53, 55, 56, 66, 67, 70, 71, 72, 74, 76, 77, 78, 79, 82, 83, 84, 86, 88, 89, 99, 100, 103, 104, 105, 107, 109, 110, 111, 112, 115, 118, 121, 124, 126, 136, 138, 139, 149, 150, 153, 154, 155, 157, 159, 160, 161, 164, 165, 166, 169, 171, 179, 181, 182, 192, 193, 196, 205, 207, 208, 210, 211, 212, 213, 215, 217, 218, 230, 237, 238, 241, 243, 245, 251, 252, 253, 255, 260, 262, 263, 273, 275, 291], "excluded_lines": [], "functions": {"BusinessMetricsCalculator.calculate_overdue_rate": {"executed_lines": [], "summary": {"covered_lines": 0, "num_statements": 15, "percent_covered": 0.0, "percent_covered_display": "0", "missing_lines": 15, "excluded_lines": 0}, "missing_lines": [31, 32, 35, 36, 37, 39, 41, 42, 43, 45, 46, 49, 50, 51, 53], "excluded_lines": []}, "BusinessMetricsCalculator.calculate_average_processing_time": {"executed_lines": [], "summary": {"covered_lines": 0, "num_statements": 14, "percent_covered": 0.0, "percent_covered_display": "0", "missing_lines": 14, "excluded_lines": 0}, "missing_lines": [66, 67, 70, 71, 72, 74, 76, 77, 78, 79, 82, 83, 84, 86], "excluded_lines": []}, "BusinessMetricsCalculator.calculate_org_performance": {"executed_lines": [], "summary": {"covered_lines": 0, "num_statements": 16, "percent_covered": 0.0, "percent_covered_display": "0", "missing_lines": 16, "excluded_lines": 0}, "missing_lines": [99, 100, 103, 104, 105, 107, 109, 110, 111, 112, 115, 118, 121, 124, 126, 136], "excluded_lines": []}, "BusinessMetricsCalculator.calculate_supervisor_workload": {"executed_lines": [], "summary": {"covered_lines": 0, "num_statements": 15, "percent_covered": 0.0, "percent_covered_display": "0", "missing_lines": 15, "excluded_lines": 0}, "missing_lines": [149, 150, 153, 154, 155, 157, 159, 160, 161, 164, 165, 166, 169, 171, 179], "excluded_lines": []}, "BusinessMetricsCalculator.calculate_time_distribution": {"executed_lines": [], "summary": {"covered_lines": 0, "num_statements": 11, "percent_covered": 0.0, "percent_covered_display": "0", "missing_lines": 11, "excluded_lines": 0}, "missing_lines": [192, 193, 196, 205, 207, 208, 210, 211, 212, 213, 215], "excluded_lines": []}, "BusinessMetricsCalculator.calculate_trend_data": {"executed_lines": [], "summary": {"covered_lines": 0, "num_statements": 11, "percent_covered": 0.0, "percent_covered_display": "0", "missing_lines": 11, "excluded_lines": 0}, "missing_lines": [230, 237, 238, 241, 243, 245, 251, 252, 253, 255, 260], "excluded_lines": []}, "BusinessMetricsCalculator.generate_summary_report": {"executed_lines": [], "summary": {"covered_lines": 0, "num_statements": 3, "percent_covered": 0.0, "percent_covered_display": "0", "missing_lines": 3, "excluded_lines": 0}, "missing_lines": [273, 275, 291], "excluded_lines": []}, "": {"executed_lines": [], "summary": {"covered_lines": 0, "num_statements": 22, "percent_covered": 0.0, "percent_covered_display": "0", "missing_lines": 22, "excluded_lines": 0}, "missing_lines": [7, 8, 9, 10, 11, 12, 14, 17, 20, 21, 55, 56, 88, 89, 138, 139, 181, 182, 217, 218, 262, 263], "excluded_lines": []}}, "classes": {"BusinessMetricsCalculator": {"executed_lines": [], "summary": {"covered_lines": 0, "num_statements": 85, "percent_covered": 0.0, "percent_covered_display": "0", "missing_lines": 85, "excluded_lines": 0}, "missing_lines": [31, 32, 35, 36, 37, 39, 41, 42, 43, 45, 46, 49, 50, 51, 53, 66, 67, 70, 71, 72, 74, 76, 77, 78, 79, 82, 83, 84, 86, 99, 100, 103, 104, 105, 107, 109, 110, 111, 112, 115, 118, 121, 124, 126, 136, 149, 150, 153, 154, 155, 157, 159, 160, 161, 164, 165, 166, 169, 171, 179, 192, 193, 196, 205, 207, 208, 210, 211, 212, 213, 215, 230, 237, 238, 241, 243, 245, 251, 252, 253, 255, 260, 273, 275, 291], "excluded_lines": []}, "": {"executed_lines": [], "summary": {"covered_lines": 0, "num_statements": 22, "percent_covered": 0.0, "percent_covered_display": "0", "missing_lines": 22, "excluded_lines": 0}, "missing_lines": [7, 8, 9, 10, 11, 12, 14, 17, 20, 21, 55, 56, 88, 89, 138, 139, 181, 182, 217, 218, 262, 263], "excluded_lines": []}}}, "src/fsoa/config/__init__.py": {"executed_lines": [], "summary": {"covered_lines": 0, "num_statements": 1, "percent_covered": 0.0, "percent_covered_display": "0", "missing_lines": 1, "excluded_lines": 0}, "missing_lines": [11], "excluded_lines": [], "functions": {"": {"executed_lines": [], "summary": {"covered_lines": 0, "num_statements": 1, "percent_covered": 0.0, "percent_covered_display": "0", "missing_lines": 1, "excluded_lines": 0}, "missing_lines": [11], "excluded_lines": []}}, "classes": {"": {"executed_lines": [], "summary": {"covered_lines": 0, "num_statements": 1, "percent_covered": 0.0, "percent_covered_display": "0", "missing_lines": 1, "excluded_lines": 0}, "missing_lines": [11], "excluded_lines": []}}}, "src/fsoa/data/__init__.py": {"executed_lines": [1], "summary": {"covered_lines": 0, "num_statements": 0, "percent_covered": 100.0, "percent_covered_display": "100", "missing_lines": 0, "excluded_lines": 0}, "missing_lines": [], "excluded_lines": [], "functions": {"": {"executed_lines": [1], "summary": {"covered_lines": 0, "num_statements": 0, "percent_covered": 100.0, "percent_covered_display": "100", "missing_lines": 0, "excluded_lines": 0}, "missing_lines": [], "excluded_lines": []}}, "classes": {"": {"executed_lines": [1], "summary": {"covered_lines": 0, "num_statements": 0, "percent_covered": 100.0, "percent_covered_display": "100", "missing_lines": 0, "excluded_lines": 0}, "missing_lines": [], "excluded_lines": []}}}, "src/fsoa/data/database.py": {"executed_lines": [1, 7, 8, 9, 10, 11, 12, 13, 14, 15, 17, 18, 19, 27, 29, 36, 37, 38, 40, 41, 42, 43, 44, 45, 46, 47, 48, 51, 52, 53, 55, 56, 57, 58, 59, 60, 61, 62, 63, 66, 67, 68, 70, 71, 72, 73, 74, 75, 76, 77, 78, 79, 80, 81, 82, 85, 86, 87, 89, 90, 91, 92, 93, 94, 95, 98, 99, 100, 103, 104, 105, 108, 109, 131, 132, 133, 135, 136, 137, 138, 141, 142, 143, 145, 146, 147, 148, 149, 150, 151, 152, 156, 157, 159, 160, 161, 162, 164, 166, 167, 168, 171, 173, 174, 175, 177, 179, 210, 211, 212, 213, 214, 220, 221, 223, 224, 226, 227, 228, 234, 248, 250, 251, 252, 253, 258, 260, 261, 262, 263, 268, 270, 271, 272, 278, 279, 280, 292, 294, 295, 296, 306, 307, 308, 309, 314, 316, 317, 318, 319, 320, 321, 322, 323, 324, 330, 332, 333, 334, 344, 345, 346, 351, 384, 386, 387, 388, 391, 395, 400, 406, 412, 413, 414, 415, 417, 418, 419, 420, 421, 423, 424, 426, 428, 444, 474, 512, 514, 515, 516, 530, 531, 532, 533, 538, 540, 541, 542, 544, 548, 549, 550, 565, 567, 572, 575, 576, 577, 578, 579, 580, 581, 582, 583, 584, 585, 586, 592, 612, 630, 679, 685, 686, 688, 690, 707, 708, 709, 714, 729, 730, 731, 732, 735, 736, 739, 740, 741, 766, 767, 768, 779, 808, 847, 849, 850, 852, 854, 855, 859, 866, 904, 919, 921, 924, 925, 926, 927, 928, 931], "summary": {"covered_lines": 252, "num_statements": 431, "percent_covered": 58.46867749419953, "percent_covered_display": "58", "missing_lines": 179, "excluded_lines": 0}, "missing_lines": [229, 230, 231, 232, 254, 255, 256, 264, 265, 266, 281, 282, 283, 310, 311, 312, 325, 326, 327, 328, 347, 348, 349, 353, 354, 355, 357, 363, 364, 365, 376, 378, 380, 381, 382, 440, 441, 442, 446, 447, 448, 453, 454, 455, 466, 468, 470, 471, 472, 477, 478, 479, 481, 485, 486, 488, 490, 491, 492, 494, 496, 508, 509, 510, 534, 535, 536, 568, 569, 570, 587, 588, 589, 590, 595, 596, 597, 598, 599, 600, 601, 604, 605, 606, 607, 608, 609, 610, 614, 615, 616, 617, 618, 619, 620, 621, 622, 624, 625, 626, 627, 628, 639, 640, 641, 643, 650, 651, 653, 655, 656, 657, 672, 674, 675, 676, 677, 710, 711, 712, 743, 745, 762, 763, 770, 771, 772, 773, 775, 776, 777, 781, 782, 783, 785, 786, 787, 802, 803, 804, 805, 806, 810, 811, 812, 815, 817, 821, 822, 823, 838, 840, 841, 842, 843, 861, 862, 870, 872, 876, 878, 880, 881, 882, 883, 884, 885, 886, 889, 899, 901, 902, 906, 907, 911, 912, 913, 914, 915], "excluded_lines": [], "functions": {"DatabaseManager.__init__": {"executed_lines": [160, 161, 162], "summary": {"covered_lines": 3, "num_statements": 3, "percent_covered": 100.0, "percent_covered_display": "100", "missing_lines": 0, "excluded_lines": 0}, "missing_lines": [], "excluded_lines": []}, "DatabaseManager.init_database": {"executed_lines": [166, 167, 168, 171, 173, 174, 175], "summary": {"covered_lines": 7, "num_statements": 7, "percent_covered": 100.0, "percent_covered_display": "100", "missing_lines": 0, "excluded_lines": 0}, "missing_lines": [], "excluded_lines": []}, "DatabaseManager._init_default_config": {"executed_lines": [179, 210, 211, 212, 213, 214, 220, 221], "summary": {"covered_lines": 8, "num_statements": 8, "percent_covered": 100.0, "percent_covered_display": "100", "missing_lines": 0, "excluded_lines": 0}, "missing_lines": [], "excluded_lines": []}, "DatabaseManager.get_session": {"executed_lines": [226, 227, 228, 234], "summary": {"covered_lines": 4, "num_statements": 8, "percent_covered": 50.0, "percent_covered_display": "50", "missing_lines": 4, "excluded_lines": 0}, "missing_lines": [229, 230, 231, 232], "excluded_lines": []}, "DatabaseManager.get_system_config": {"executed_lines": [250, 251, 252, 253], "summary": {"covered_lines": 4, "num_statements": 7, "percent_covered": 57.142857142857146, "percent_covered_display": "57", "missing_lines": 3, "excluded_lines": 0}, "missing_lines": [254, 255, 256], "excluded_lines": []}, "DatabaseManager.get_all_system_configs": {"executed_lines": [260, 261, 262, 263], "summary": {"covered_lines": 4, "num_statements": 7, "percent_covered": 57.142857142857146, "percent_covered_display": "57", "missing_lines": 3, "excluded_lines": 0}, "missing_lines": [264, 265, 266], "excluded_lines": []}, "DatabaseManager.set_system_config": {"executed_lines": [270, 271, 272, 278, 279, 280], "summary": {"covered_lines": 6, "num_statements": 9, "percent_covered": 66.66666666666667, "percent_covered_display": "67", "missing_lines": 3, "excluded_lines": 0}, "missing_lines": [281, 282, 283], "excluded_lines": []}, "DatabaseManager.save_agent_run": {"executed_lines": [294, 295, 296, 306, 307, 308, 309], "summary": {"covered_lines": 7, "num_statements": 10, "percent_covered": 70.0, "percent_covered_display": "70", "missing_lines": 3, "excluded_lines": 0}, "missing_lines": [310, 311, 312], "excluded_lines": []}, "DatabaseManager.update_agent_run": {"executed_lines": [316, 317, 318, 319, 320, 321, 322, 323, 324], "summary": {"covered_lines": 9, "num_statements": 13, "percent_covered": 69.23076923076923, "percent_covered_display": "69", "missing_lines": 4, "excluded_lines": 0}, "missing_lines": [325, 326, 327, 328], "excluded_lines": []}, "DatabaseManager.save_agent_history": {"executed_lines": [332, 333, 334, 344, 345, 346], "summary": {"covered_lines": 6, "num_statements": 9, "percent_covered": 66.66666666666667, "percent_covered_display": "67", "missing_lines": 3, "excluded_lines": 0}, "missing_lines": [347, 348, 349], "excluded_lines": []}, "DatabaseManager.get_agent_runs": {"executed_lines": [], "summary": {"covered_lines": 0, "num_statements": 12, "percent_covered": 0.0, "percent_covered_display": "0", "missing_lines": 12, "excluded_lines": 0}, "missing_lines": [353, 354, 355, 357, 363, 364, 365, 376, 378, 380, 381, 382], "excluded_lines": []}, "DatabaseManager.get_agent_run_statistics": {"executed_lines": [386, 387, 388, 391, 395, 400, 406, 412, 413, 414, 415, 417, 418, 419, 420, 421, 423, 424, 426, 428], "summary": {"covered_lines": 20, "num_statements": 23, "percent_covered": 86.95652173913044, "percent_covered_display": "87", "missing_lines": 3, "excluded_lines": 0}, "missing_lines": [440, 441, 442], "excluded_lines": []}, "DatabaseManager.get_agent_history_by_run": {"executed_lines": [], "summary": {"covered_lines": 0, "num_statements": 11, "percent_covered": 0.0, "percent_covered_display": "0", "missing_lines": 11, "excluded_lines": 0}, "missing_lines": [446, 447, 448, 453, 454, 455, 466, 468, 470, 471, 472], "excluded_lines": []}, "DatabaseManager.get_step_performance_statistics": {"executed_lines": [], "summary": {"covered_lines": 0, "num_statements": 15, "percent_covered": 0.0, "percent_covered_display": "0", "missing_lines": 15, "excluded_lines": 0}, "missing_lines": [477, 478, 479, 481, 485, 486, 488, 490, 491, 492, 494, 496, 508, 509, 510], "excluded_lines": []}, "DatabaseManager.save_
[...]
ulator.calculate_elapsed_business_hours": {"executed_lines": [], "summary": {"covered_lines": 0, "num_statements": 3, "percent_covered": 0.0, "percent_covered_display": "0", "missing_lines": 3, "excluded_lines": 0}, "missing_lines": [180, 181, 183], "excluded_lines": []}, "BusinessTimeCalculator.add_business_hours": {"executed_lines": [], "summary": {"covered_lines": 0, "num_statements": 15, "percent_covered": 0.0, "percent_covered_display": "0", "missing_lines": 15, "excluded_lines": 0}, "missing_lines": [197, 198, 200, 201, 203, 205, 206, 209, 210, 211, 213, 215, 218, 219, 221], "excluded_lines": []}, "calculate_business_elapsed_hours": {"executed_lines": [], "summary": {"covered_lines": 0, "num_statements": 1, "percent_covered": 0.0, "percent_covered_display": "0", "missing_lines": 1, "excluded_lines": 0}, "missing_lines": [236], "excluded_lines": []}, "is_within_business_hours": {"executed_lines": [], "summary": {"covered_lines": 0, "num_statements": 3, "percent_covered": 0.0, "percent_covered_display": "0", "missing_lines": 3, "excluded_lines": 0}, "missing_lines": [249, 250, 251], "excluded_lines": []}, "": {"executed_lines": [], "summary": {"covered_lines": 0, "num_statements": 27, "percent_covered": 0.0, "percent_covered_display": "0", "missing_lines": 27, "excluded_lines": 0}, "missing_lines": [11, 12, 13, 16, 18, 21, 25, 26, 27, 29, 30, 47, 48, 53, 54, 75, 76, 90, 91, 125, 126, 167, 168, 185, 186, 224, 239], "excluded_lines": []}}, "classes": {"BusinessTimeCalculator": {"executed_lines": [], "summary": {"covered_lines": 0, "num_statements": 70, "percent_covered": 0.0, "percent_covered_display": "0", "missing_lines": 70, "excluded_lines": 0}, "missing_lines": [32, 33, 34, 37, 38, 39, 40, 42, 43, 45, 50, 51, 64, 67, 68, 69, 72, 73, 86, 87, 88, 101, 104, 105, 108, 109, 111, 114, 115, 116, 117, 120, 121, 122, 123, 137, 138, 140, 141, 143, 145, 146, 147, 148, 151, 152, 155, 158, 159, 160, 163, 165, 180, 181, 183, 197, 198, 200, 201, 203, 205, 206, 209, 210, 211, 213, 215, 218, 219, 221], "excluded_lines": []}, "": {"executed_lines": [], "summary": {"covered_lines": 0, "num_statements": 31, "percent_covered": 0.0, "percent_covered_display": "0", "missing_lines": 31, "excluded_lines": 0}, "missing_lines": [11, 12, 13, 16, 18, 21, 25, 26, 27, 29, 30, 47, 48, 53, 54, 75, 76, 90, 91, 125, 126, 167, 168, 185, 186, 224, 236, 239, 249, 250, 251], "excluded_lines": []}}}, "src/fsoa/utils/config.py": {"executed_lines": [1, 7, 8, 9, 10, 11, 14, 17, 18, 21, 22, 25, 26, 27, 28, 31, 37, 40, 41, 45, 49, 50, 54, 57, 58, 60, 61, 63, 65, 66, 68, 70, 71, 104, 105, 106, 110, 113, 116, 117, 118, 121], "summary": {"covered_lines": 40, "num_statements": 67, "percent_covered": 59.701492537313435, "percent_covered_display": "60", "missing_lines": 27, "excluded_lines": 0}, "missing_lines": [73, 75, 78, 79, 82, 83, 84, 85, 87, 88, 89, 90, 92, 93, 94, 95, 96, 97, 99, 100, 102, 125, 126, 127, 128, 131, 132], "excluded_lines": [], "functions": {"Config.internal_ops_webhook_url": {"executed_lines": [63], "summary": {"covered_lines": 1, "num_statements": 1, "percent_covered": 100.0, "percent_covered_display": "100", "missing_lines": 0, "excluded_lines": 0}, "missing_lines": [], "excluded_lines": []}, "Config.is_development": {"executed_lines": [68], "summary": {"covered_lines": 1, "num_statements": 1, "percent_covered": 100.0, "percent_covered_display": "100", "missing_lines": 0, "excluded_lines": 0}, "missing_lines": [], "excluded_lines": []}, "Config.wechat_webhook_list": {"executed_lines": [], "summary": {"covered_lines": 0, "num_statements": 21, "percent_covered": 0.0, "percent_covered_display": "0", "missing_lines": 21, "excluded_lines": 0}, "missing_lines": [73, 75, 78, 79, 82, 83, 84, 85, 87, 88, 89, 90, 92, 93, 94, 95, 96, 97, 99, 100, 102], "excluded_lines": []}, "get_config": {"executed_lines": [116, 117, 118], "summary": {"covered_lines": 3, "num_statements": 3, "percent_covered": 100.0, "percent_covered_display": "100", "missing_lines": 0, "excluded_lines": 0}, "missing_lines": [], "excluded_lines": []}, "reload_config": {"executed_lines": [], "summary": {"covered_lines": 0, "num_statements": 6, "percent_covered": 0.0, "percent_covered_display": "0", "missing_lines": 6, "excluded_lines": 0}, "missing_lines": [125, 126, 127, 128, 131, 132], "excluded_lines": []}, "": {"executed_lines": [1, 7, 8, 9, 10, 11, 14, 17, 18, 21, 22, 25, 26, 27, 28, 31, 37, 40, 41, 45, 49, 50, 54, 57, 58, 60, 61, 65, 66, 70, 71, 104, 105, 106, 110, 113, 121], "summary": {"covered_lines": 35, "num_statements": 35, "percent_covered": 100.0, "percent_covered_display": "100", "missing_lines": 0, "excluded_lines": 0}, "missing_lines": [], "excluded_lines": []}}, "classes": {"Config": {"executed_lines": [63, 68], "summary": {"covered_lines": 2, "num_statements": 23, "percent_covered": 8.695652173913043, "percent_covered_display": "9", "missing_lines": 21, "excluded_lines": 0}, "missing_lines": [73, 75, 78, 79, 82, 83, 84, 85, 87, 88, 89, 90, 92, 93, 94, 95, 96, 97, 99, 100, 102], "excluded_lines": []}, "Config.Config": {"executed_lines": [], "summary": {"covered_lines": 0, "num_statements": 0, "percent_covered": 100.0, "percent_covered_display": "100", "missing_lines": 0, "excluded_lines": 0}, "missing_lines": [], "excluded_lines": []}, "": {"executed_lines": [1, 7, 8, 9, 10, 11, 14, 17, 18, 21, 22, 25, 26, 27, 28, 31, 37, 40, 41, 45, 49, 50, 54, 57, 58, 60, 61, 65, 66, 70, 71, 104, 105, 106, 110, 113, 116, 117, 118, 121], "summary": {"covered_lines": 38, "num_statements": 44, "percent_covered": 86.36363636363636, "percent_covered_display": "86", "missing_lines": 6, "excluded_lines": 0}, "missing_lines": [125, 126, 127, 128, 131, 132], "excluded_lines": []}}}, "src/fsoa/utils/logger.py": {"executed_lines": [1, 7, 8, 9, 10, 11, 12, 13, 15, 18, 20, 23, 24, 27, 37, 57, 59, 62, 65, 66, 68, 69, 74, 76, 77, 78, 85, 86, 87, 88, 89, 94, 105, 108, 130], "summary": {"covered_lines": 33, "num_statements": 49, "percent_covered": 67.34693877551021, "percent_covered_display": "67", "missing_lines": 16, "excluded_lines": 0}, "missing_lines": [60, 71, 95, 96, 97, 103, 111, 113, 118, 119, 120, 121, 122, 123, 124, 126], "excluded_lines": [], "functions": {"setup_logging": {"executed_lines": [20, 23, 24, 27, 37], "summary": {"covered_lines": 5, "num_statements": 5, "percent_covered": 100.0, "percent_covered_display": "100", "missing_lines": 0, "excluded_lines": 0}, "missing_lines": [], "excluded_lines": []}, "get_logger": {"executed_lines": [59, 62], "summary": {"covered_lines": 2, "num_statements": 3, "percent_covered": 66.66666666666667, "percent_covered_display": "67", "missing_lines": 1, "excluded_lines": 0}, "missing_lines": [60], "excluded_lines": []}, "LoggerMixin.logger": {"executed_lines": [], "summary": {"covered_lines": 0, "num_statements": 1, "percent_covered": 0.0, "percent_covered_display": "0", "missing_lines": 1, "excluded_lines": 0}, "missing_lines": [71], "excluded_lines": []}, "log_function_call": {"executed_lines": [76, 105], "summary": {"covered_lines": 2, "num_statements": 2, "percent_covered": 100.0, "percent_covered_display": "100", "missing_lines": 0, "excluded_lines": 0}, "missing_lines": [], "excluded_lines": []}, "log_function_call.wrapper": {"executed_lines": [77, 78, 85, 86, 87, 88, 89, 94], "summary": {"covered_lines": 8, "num_statements": 12, "percent_covered": 66.66666666666667, "percent_covered_display": "67", "missing_lines": 4, "excluded_lines": 0}, "missing_lines": [95, 96, 97, 103], "excluded_lines": []}, "log_agent_step": {"executed_lines": [], "summary": {"covered_lines": 0, "num_statements": 10, "percent_covered": 0.0, "percent_covered_display": "0", "missing_lines": 10, "excluded_lines": 0}, "missing_lines": [111, 113, 118, 119, 120, 121, 122, 123, 124, 126], "excluded_lines": []}, "": {"executed_lines": [1, 7, 8, 9, 10, 11, 12, 13, 15, 18, 57, 65, 66, 68, 69, 74, 108, 130], "summary": {"covered_lines": 16, "num_statements": 16, "percent_covered": 100.0, "percent_covered_display": "100", "missing_lines": 0, "excluded_lines": 0}, "missing_lines": [], "excluded_lines": []}}, "classes": {"LoggerMixin": {"executed_lines": [], "summary": {"covered_lines": 0, "num_statements": 1, "percent_covered": 0.0, "percent_covered_display": "0", "missing_lines": 1, "excluded_lines": 0}, "missing_lines": [71], "excluded_lines": []}, "": {"executed_lines": [1, 7, 8, 9, 10, 11, 12, 13, 15, 18, 20, 23, 24, 27, 37, 57, 59, 62, 65, 66, 68, 69, 74, 76, 77, 78, 85, 86, 87, 88, 89, 94, 105, 108, 130], "summary": {"covered_lines": 33, "num_statements": 48, "percent_covered": 68.75, "percent_covered_display": "69", "missing_lines": 15, "excluded_lines": 0}, "missing_lines": [60, 95, 96, 97, 103, 111, 113, 118, 119, 120, 121, 122, 123, 124, 126], "excluded_lines": []}}}, "src/fsoa/utils/scheduler.py": {"executed_lines": [], "summary": {"covered_lines": 0, "num_statements": 102, "percent_covered": 0.0, "percent_covered_display": "0", "missing_lines": 102, "excluded_lines": 0}, "missing_lines": [7, 8, 9, 10, 11, 12, 13, 15, 16, 18, 21, 24, 25, 26, 27, 28, 31, 33, 35, 36, 37, 38, 40, 42, 43, 44, 45, 47, 61, 62, 64, 66, 74, 75, 77, 91, 92, 95, 96, 97, 98, 106, 108, 116, 117, 119, 129, 130, 131, 132, 133, 134, 135, 137, 139, 140, 141, 151, 153, 159, 161, 162, 163, 164, 165, 166, 167, 169, 171, 172, 173, 174, 175, 176, 177, 179, 181, 182, 184, 188, 191, 194, 195, 196, 199, 201, 202, 204, 207, 208, 209, 212, 215, 222, 223, 226, 228, 229, 230, 233, 235, 236], "excluded_lines": [], "functions": {"TaskScheduler.__init__": {"executed_lines": [], "summary": {"covered_lines": 0, "num_statements": 5, "percent_covered": 0.0, "percent_covered_display": "0", "missing_lines": 5, "excluded_lines": 0}, "missing_lines": [25, 26, 27, 28, 31], "excluded_lines": []}, "TaskScheduler.start": {"executed_lines": [], "summary": {"covered_lines": 0, "num_statements": 4, "percent_covered": 0.0, "percent_covered_display": "0", "missing_lines": 4, "excluded_lines": 0}, "missing_lines": [35, 36, 37, 38], "excluded_lines": []}, "TaskScheduler.shutdown": {"executed_lines": [], "summary": {"covered_lines": 0, "num_statements": 4, "percent_covered": 0.0, "percent_covered_display": "0", "missing_lines": 4, "excluded_lines": 0}, "missing_lines": [42, 43, 44, 45], "excluded_lines": []}, "TaskScheduler.add_interval_job": {"executed_lines": [], "summary": {"covered_lines": 0, "num_statements": 6, "percent_covered": 0.0, "percent_covered_display": "0", "missing_lines": 6, "excluded_lines": 0}, "missing_lines": [61, 62, 64, 66, 74, 75], "excluded_lines": []}, "TaskScheduler.add_cron_job": {"executed_lines": [], "summary": {"covered_lines": 0, "num_statements": 10, "percent_covered": 0.0, "percent_covered_display": "0", "missing_lines": 10, "excluded_lines": 0}, "missing_lines": [91, 92, 95, 96, 97, 98, 106, 108, 116, 117], "excluded_lines": []}, "TaskScheduler.remove_job": {"executed_lines": [], "summary": {"covered_lines": 0, "num_statements": 7, "percent_covered": 0.0, "percent_covered_display": "0", "missing_lines": 7, "excluded_lines": 0}, "missing_lines": [129, 130, 131, 132, 133, 134, 135], "excluded_lines": []}, "TaskScheduler.get_jobs": {"executed_lines": [], "summary": {"covered_lines": 0, "num_statements": 5, "percent_covered": 0.0, "percent_covered_display": "0", "missing_lines": 5, "excluded_lines": 0}, "missing_lines": [139, 140, 141, 151, 153], "excluded_lines": []}, "TaskScheduler.pause_job": {"executed_lines": [], "summary": {"covered_lines": 0, "num_statements": 7, "percent_covered": 0.0, "percent_covered_display": "0", "missing_lines": 7, "excluded_lines": 0}, "missing_lines": [161, 162, 163, 164, 165, 166, 167], "excluded_lines": []}, "TaskScheduler.resume_job": {"executed_lines": [], "summary": {"covered_lines": 0, "num_statements": 7, "percent_covered": 0.0, "percent_covered_display": "0", "missing_lines": 7, "excluded_lines": 0}, "missing_lines": [171, 172, 173, 174, 175, 176, 177], "excluded_lines": []}, "TaskScheduler._job_listener": {"executed_lines": [], "summary": {"covered_lines": 0, "num_statements": 3, "percent_covered": 0.0, "percent_covered_display": "0", "missing_lines": 3, "excluded_lines": 0}, "missing_lines": [181, 182, 184], "excluded_lines": []}, "get_scheduler": {"executed_lines": [], "summary": {"covered_lines": 0, "num_statements": 3, "percent_covered": 0.0, "percent_covered_display": "0", "missing_lines": 3, "excluded_lines": 0}, "missing_lines": [194, 195, 196], "excluded_lines": []}, "setup_agent_scheduler": {"executed_lines": [], "summary": {"covered_lines": 0, "num_statements": 10, "percent_covered": 0.0, "percent_covered_display": "0", "missing_lines": 10, "excluded_lines": 0}, "missing_lines": [201, 202, 204, 207, 208, 209, 212, 215, 222, 223], "excluded_lines": []}, "start_scheduler": {"executed_lines": [], "summary": {"covered_lines": 0, "num_statements": 3, "percent_covered": 0.0, "percent_covered_display": "0", "missing_lines": 3, "excluded_lines": 0}, "missing_lines": [228, 229, 230], "excluded_lines": []}, "stop_scheduler": {"executed_lines": [], "summary": {"covered_lines": 0, "num_statements": 2, "percent_covered": 0.0, "percent_covered_display": "0", "missing_lines": 2, "excluded_lines": 0}, "missing_lines": [235, 236], "excluded_lines": []}, "": {"executed_lines": [], "summary": {"covered_lines": 0, "num_statements": 26, "percent_covered": 0.0, "percent_covered_display": "0", "missing_lines": 26, "excluded_lines": 0}, "missing_lines": [7, 8, 9, 10, 11, 12, 13, 15, 16, 18, 21, 24, 33, 40, 47, 77, 119, 137, 159, 169, 179, 188, 191, 199, 226, 233], "excluded_lines": []}}, "classes": {"TaskScheduler": {"executed_lines": [], "summary": {"covered_lines": 0, "num_statements": 58, "percent_covered": 0.0, "percent_covered_display": "0", "missing_lines": 58, "excluded_lines": 0}, "missing_lines": [25, 26, 27, 28, 31, 35, 36, 37, 38, 42, 43, 44, 45, 61, 62, 64, 66, 74, 75, 91, 92, 95, 96, 97, 98, 106, 108, 116, 117, 129, 130, 131, 132, 133, 134, 135, 139, 140, 141, 151, 153, 161, 162, 163, 164, 165, 166, 167, 171, 172, 173, 174, 175, 176, 177, 181, 182, 184], "excluded_lines": []}, "": {"executed_lines": [], "summary": {"covered_lines": 0, "num_statements": 44, "percent_covered": 0.0, "percent_covered_display": "0", "missing_lines": 44, "excluded_lines": 0}, "missing_lines": [7, 8, 9, 10, 11, 12, 13, 15, 16, 18, 21, 24, 33, 40, 47, 77, 119, 137, 159, 169, 179, 188, 191, 194, 195, 196, 199, 201, 202, 204, 207, 208, 209, 212, 215, 222, 223, 226, 228, 229, 230, 233, 235, 236], "excluded_lines": []}}}, "src/fsoa/utils/timezone_utils.py": {"executed_lines": [1, 7, 8, 9, 11, 14, 17, 24, 27, 34, 37, 54, 71, 81, 86, 89, 100, 101, 104, 119, 138, 155, 162, 163, 170, 172, 175, 185, 188, 190, 191, 206, 209, 213, 214, 217, 239, 246, 247, 258, 259, 262, 264, 265, 269, 270], "summary": {"covered_lines": 45, "num_statements": 82, "percent_covered": 54.8780487804878, "percent_covered_display": "55", "missing_lines": 37, "excluded_lines": 0}, "missing_lines": [47, 49, 51, 64, 66, 68, 83, 115, 116, 129, 130, 132, 133, 135, 149, 150, 152, 164, 166, 167, 169, 186, 192, 195, 196, 199, 200, 201, 204, 205, 210, 228, 229, 232, 233, 235, 236], "excluded_lines": [], "functions": {"now_china": {"executed_lines": [24], "summary": {"covered_lines": 1, "num_statements": 1, "percent_covered": 100.0, "percent_covered_display": "100", "missing_lines": 0, "excluded_lines": 0}, "missing_lines": [], "excluded_lines": []}, "now_china_naive": {"executed_lines": [34], "summary": {"covered_lines": 1, "num_statements": 1, "percent_covered": 100.0, "percent_covered_display": "100", "missing_lines": 0, "excluded_lines": 0}, "missing_lines": [], "excluded_lines": []}, "utc_to_china": {"executed_lines": [], "summary": {"covered_lines": 0, "num_statements": 3, "percent_covered": 0.0, "percent_covered_display": "0", "missing_lines": 3, "excluded_lines": 0}, "missing_lines": [47, 49, 51], "excluded_lines": []}, "china_to_utc": {"executed_lines": [], "summary": {"covered_lines": 0, "num_statements": 3, "percent_covered": 0.0, "percent_covered_display": "0", "missing_lines": 3, "excluded_lines": 0}, "missing_lines": [64, 66, 68], "excluded_lines": []}, "ensure_china_timezone": {"executed_lines": [81, 86], "summary": {"covered_lines": 2, "num_statements": 3, "percent_covered": 66.66666666666667, "percent_covered_display": "67", "missing_lines": 1, "excluded_lines": 0}, "missing_lines": [83], "excluded_lines": []}, "format_china_time": {"executed_lines": [100, 101], "summary": {"covered_lines": 2, "num_statements": 2, "percent_covered": 100.0, "percent_covered_display": "100", "missing_lines": 0, "excluded_lines": 0}, "missing_lines": [], "excluded_lines": []}, "parse_china_time": {"executed_lines": [], "summary": {"covered_lines": 0, "num_statements": 2, "percent_covered": 0.0, "percent_covered_display": "0", "missing_lines": 2, "excluded_lines": 0}, "missing_lines": [115, 116], "excluded_lines": []}, "get_china_date_range": {"executed_lines": [], "summary": {"covered_lines": 0, "num_statements": 5, "percent_covered": 0.0, "percent_covered_display": "0", "missing_lines": 5, "excluded_lines": 0}, "missing_lines": [129, 130, 132, 133, 135], "excluded_lines": []}, "is_same_china_day": {"executed_lines": [], "summary": {"covered_lines": 0, "num_statements": 3, "percent_covered": 0.0, "percent_covered_display": "0", "missing_lines": 3, "excluded_lines": 0}, "missing_lines": [149, 150, 152], "excluded_lines": []}, "get_china_business_hours": {"executed_lines": [162, 163, 170, 172], "summary": {"covered_lines": 4, "num_statements": 8, "percent_covered": 50.0, "percent_covered_display": "50", "missing_lines": 4, "excluded_lines": 0}, "missing_lines": [164, 166, 167, 169], "excluded_lines": []}, "is_china_business_hours": {"executed_lines": [185, 188, 190, 191, 206, 209, 213, 214], "summary": {"covered_lines": 8, "num_statements": 18, "percent_covered": 44.44444444444444, "percent_covered_display": "44", "missing_lines": 10, "excluded_lines": 0}, "missing_lines": [186, 192, 195, 196, 199, 200, 201, 204, 205, 210], "excluded_lines": []}, "china_time_delta_hours": {"executed_lines": [], "summary": {"covered_lines": 0, "num_statements": 6, "percent_covered": 0.0, "percent_covered_display": "0", "missing_lines": 6, "excluded_lines": 0}, "missing_lines": [228, 229, 232, 233, 235, 236], "excluded_lines": []}, "get_china_timezone_info": {"executed_lines": [246, 247], "summary": {"covered_lines": 2, "num_statements": 2, "percent_covered": 100.0, "percent_covered_display": "100", "missing_lines": 0, "excluded_lines": 0}, "missing_lines": [], "excluded_lines": []}, "log_timezone_info": {"executed_lines": [264, 265], "summary": {"covered_lines": 2, "num_statements": 2, "percent_covered": 100.0, "percent_covered_display": "100", "missing_lines": 0, "excluded_lines": 0}, "missing_lines": [], "excluded_lines": []}, "": {"executed_lines": [1, 7, 8, 9, 11, 14, 17, 27, 37, 54, 71, 89, 104, 119, 138, 155, 175, 217, 239, 258, 259, 262, 269, 270], "summary": {"covered_lines": 23, "num_statements": 23, "percent_covered": 100.0, "percent_covered_display": "100", "missing_lines": 0, "excluded_lines": 0}, "missing_lines": [], "excluded_lines": []}}, "classes": {"": {"executed_lines": [1, 7, 8, 9, 11, 14, 17, 24, 27, 34, 37, 54, 71, 81, 86, 89, 100, 101, 104, 119, 138, 155, 162, 163, 170, 172, 175, 185, 188, 190, 191, 206, 209, 213, 214, 217, 239, 246, 247, 258, 259, 262, 264, 265, 269, 270], "summary": {"covered_lines": 45, "num_statements": 82, "percent_covered": 54.8780487804878, "percent_covered_display": "55", "missing_lines": 37, "excluded_lines": 0}, "missing_lines": [47, 49, 51, 64, 66, 68, 83, 115, 116, 129, 130, 132, 133, 135, 149, 150, 152, 164, 166, 167, 169, 186, 192, 195, 196, 199, 200, 201, 204, 205, 210, 228, 229, 232, 233, 235, 236], "excluded_lines": []}}}}, "totals": {"covered_lines": 1511, "num_statements": 4870, "percent_covered": 31.026694045174537, "percent_covered_display": "31", "missing_lines": 3359, "excluded_lines": 0}}